[0.028s] Invoking command in '/home/gabriel/salford_robot/build/salford_robot': CMAKE_PREFIX_PATH=${CMAKE_PREFIX_PATH}:/opt/ros/humble /usr/bin/cmake --build /home/gabriel/salford_robot/build/salford_robot -- -j4 -l4
[0.107s] -- Found ament_cmake: 1.3.3 (/opt/ros/humble/share/ament_cmake/cmake)
[0.316s] -- Found ament_lint_auto: 0.12.5 (/opt/ros/humble/share/ament_lint_auto/cmake)
[0.465s] -- Added test 'cppcheck' to perform static code analysis on C / C++ code
[0.465s] -- Configured cppcheck include dirs: 
[0.465s] -- Configured cppcheck exclude dirs and/or files: 
[0.469s] -- Added test 'flake8' to check Python code syntax and style conventions
[0.474s] -- Added test 'lint_cmake' to check CMake code style
[0.477s] -- Added test 'pep257' to check Python code against some of the docstring style conventions in PEP 257
[0.492s] -- Added test 'uncrustify' to check C / C++ code style
[0.492s] -- Configured uncrustify additional arguments: 
[0.496s] -- Added test 'xmllint' to check XML markup files
[0.498s] -- Configuring done
[0.508s] -- Generating done
[0.509s] -- Build files have been written to: /home/gabriel/salford_robot/build/salford_robot
[0.535s] Invoked command in '/home/gabriel/salford_robot/build/salford_robot' returned '0': CMAKE_PREFIX_PATH=${CMAKE_PREFIX_PATH}:/opt/ros/humble /usr/bin/cmake --build /home/gabriel/salford_robot/build/salford_robot -- -j4 -l4
[0.583s] Invoking command in '/home/gabriel/salford_robot/build/salford_robot': CMAKE_PREFIX_PATH=${CMAKE_PREFIX_PATH}:/opt/ros/humble /usr/bin/cmake --install /home/gabriel/salford_robot/build/salford_robot
[0.589s] -- Install configuration: ""
[0.590s] -- Up-to-date: /home/gabriel/salford_robot/install/salford_robot/share/salford_robot/src
[0.590s] -- Up-to-date: /home/gabriel/salford_robot/install/salford_robot/share/salford_robot/src/description
[0.590s] -- Installing: /home/gabriel/salford_robot/install/salford_robot/share/salford_robot/src/description/salford_robot_description.urdf
[0.591s] -- Up-to-date: /home/gabriel/salford_robot/install/salford_robot/share/salford_robot/launch
[0.591s] -- Installing: /home/gabriel/salford_robot/install/salford_robot/share/salford_robot/launch/display.launch.py
[0.591s] -- Up-to-date: /home/gabriel/salford_robot/install/salford_robot/share/salford_robot/launch/gazebo_launch.py
[0.591s] -- Up-to-date: /home/gabriel/salford_robot/install/salford_robot/share/salford_robot/rviz
[0.591s] -- Up-to-date: /home/gabriel/salford_robot/install/salford_robot/share/salford_robot/rviz/urdf_config.rviz
[0.591s] -- Up-to-date: /home/gabriel/salford_robot/install/salford_robot/share/salford_robot/config
[0.591s] -- Up-to-date: /home/gabriel/salford_robot/install/salford_robot/share/salford_robot/config/ekf.yaml
[0.591s] -- Installing: /home/gabriel/salford_robot/install/salford_robot/share/salford_robot/world
[0.591s] -- Installing: /home/gabriel/salford_robot/install/salford_robot/share/salford_robot/world/third_world.sdf
[0.591s] -- Up-to-date: /home/gabriel/salford_robot/install/salford_robot/share/ament_index/resource_index/package_run_dependencies/salford_robot
[0.591s] -- Up-to-date: /home/gabriel/salford_robot/install/salford_robot/share/ament_index/resource_index/parent_prefix_path/salford_robot
[0.591s] -- Up-to-date: /home/gabriel/salford_robot/install/salford_robot/share/salford_robot/environment/ament_prefix_path.sh
[0.591s] -- Installing: /home/gabriel/salford_robot/install/salford_robot/share/salford_robot/environment/ament_prefix_path.dsv
[0.593s] -- Up-to-date: /home/gabriel/salford_robot/install/salford_robot/share/salford_robot/environment/path.sh
[0.593s] -- Installing: /home/gabriel/salford_robot/install/salford_robot/share/salford_robot/environment/path.dsv
[0.593s] -- Up-to-date: /home/gabriel/salford_robot/install/salford_robot/share/salford_robot/local_setup.bash
[0.594s] -- Up-to-date: /home/gabriel/salford_robot/install/salford_robot/share/salford_robot/local_setup.sh
[0.594s] -- Up-to-date: /home/gabriel/salford_robot/install/salford_robot/share/salford_robot/local_setup.zsh
[0.595s] -- Installing: /home/gabriel/salford_robot/install/salford_robot/share/salford_robot/local_setup.dsv
[0.595s] -- Installing: /home/gabriel/salford_robot/install/salford_robot/share/salford_robot/package.dsv
[0.596s] -- Up-to-date: /home/gabriel/salford_robot/install/salford_robot/share/ament_index/resource_index/packages/salford_robot
[0.596s] -- Up-to-date: /home/gabriel/salford_robot/install/salford_robot/share/salford_robot/cmake/salford_robotConfig.cmake
[0.596s] -- Up-to-date: /home/gabriel/salford_robot/install/salford_robot/share/salford_robot/cmake/salford_robotConfig-version.cmake
[0.596s] -- Up-to-date: /home/gabriel/salford_robot/install/salford_robot/share/salford_robot/package.xml
[0.596s] Invoked command in '/home/gabriel/salford_robot/build/salford_robot' returned '0': CMAKE_PREFIX_PATH=${CMAKE_PREFIX_PATH}:/opt/ros/humble /usr/bin/cmake --install /home/gabriel/salford_robot/build/salford_robot
