[0.076s] Invoking command in '/home/gabriel/salford_robot/build/salford_robot': CMAKE_PREFIX_PATH=${CMAKE_PREFIX_PATH}:/opt/ros/humble /usr/bin/cmake --build /home/gabriel/salford_robot/build/salford_robot -- -j4 -l4
[0.367s] Invoked command in '/home/gabriel/salford_robot/build/salford_robot' returned '0': CMAKE_PREFIX_PATH=${CMAKE_PREFIX_PATH}:/opt/ros/humble /usr/bin/cmake --build /home/gabriel/salford_robot/build/salford_robot -- -j4 -l4
[0.526s] Invoking command in '/home/gabriel/salford_robot/build/salford_robot': CMAKE_PREFIX_PATH=${CMAKE_PREFIX_PATH}:/opt/ros/humble /usr/bin/cmake --install /home/gabriel/salford_robot/build/salford_robot
[0.623s] -- Install configuration: ""
[0.647s] -- Up-to-date: /home/gabriel/salford_robot/install/salford_robot/share/salford_robot/src
[0.647s] -- Up-to-date: /home/gabriel/salford_robot/install/salford_robot/share/salford_robot/src/description
[0.650s] -- Installing: /home/gabriel/salford_robot/install/salford_robot/share/salford_robot/src/description/salford_robot_description.urdf
[0.810s] -- Up-to-date: /home/gabriel/salford_robot/install/salford_robot/share/salford_robot/launch
[0.852s] -- Up-to-date: /home/gabriel/salford_robot/install/salford_robot/share/salford_robot/launch/display.launch.py
[0.852s] -- Up-to-date: /home/gabriel/salford_robot/install/salford_robot/share/salford_robot/launch/gazebo_launch.py
[0.852s] -- Up-to-date: /home/gabriel/salford_robot/install/salford_robot/share/salford_robot/rviz
[0.852s] -- Up-to-date: /home/gabriel/salford_robot/install/salford_robot/share/salford_robot/rviz/urdf_config.rviz
[0.852s] -- Up-to-date: /home/gabriel/salford_robot/install/salford_robot/share/salford_robot/config
[0.865s] -- Up-to-date: /home/gabriel/salford_robot/install/salford_robot/share/salford_robot/config/ekf.yaml
[0.865s] -- Up-to-date: /home/gabriel/salford_robot/install/salford_robot/share/salford_robot/world
[0.878s] -- Up-to-date: /home/gabriel/salford_robot/install/salford_robot/share/ament_index/resource_index/package_run_dependencies/salford_robot
[0.878s] -- Up-to-date: /home/gabriel/salford_robot/install/salford_robot/share/ament_index/resource_index/parent_prefix_path/salford_robot
[0.878s] -- Up-to-date: /home/gabriel/salford_robot/install/salford_robot/share/salford_robot/environment/ament_prefix_path.sh
[0.878s] -- Up-to-date: /home/gabriel/salford_robot/install/salford_robot/share/salford_robot/environment/ament_prefix_path.dsv
[0.879s] -- Up-to-date: /home/gabriel/salford_robot/install/salford_robot/share/salford_robot/environment/path.sh
[0.879s] -- Up-to-date: /home/gabriel/salford_robot/install/salford_robot/share/salford_robot/environment/path.dsv
[0.879s] -- Up-to-date: /home/gabriel/salford_robot/install/salford_robot/share/salford_robot/local_setup.bash
[0.879s] -- Up-to-date: /home/gabriel/salford_robot/install/salford_robot/share/salford_robot/local_setup.sh
[0.879s] -- Up-to-date: /home/gabriel/salford_robot/install/salford_robot/share/salford_robot/local_setup.zsh
[0.879s] -- Up-to-date: /home/gabriel/salford_robot/install/salford_robot/share/salford_robot/local_setup.dsv
[0.879s] -- Up-to-date: /home/gabriel/salford_robot/install/salford_robot/share/salford_robot/package.dsv
[0.879s] -- Up-to-date: /home/gabriel/salford_robot/install/salford_robot/share/ament_index/resource_index/packages/salford_robot
[0.879s] -- Up-to-date: /home/gabriel/salford_robot/install/salford_robot/share/salford_robot/cmake/salford_robotConfig.cmake
[0.879s] -- Up-to-date: /home/gabriel/salford_robot/install/salford_robot/share/salford_robot/cmake/salford_robotConfig-version.cmake
[0.879s] -- Up-to-date: /home/gabriel/salford_robot/install/salford_robot/share/salford_robot/package.xml
[0.936s] Invoked command in '/home/gabriel/salford_robot/build/salford_robot' returned '0': CMAKE_PREFIX_PATH=${CMAKE_PREFIX_PATH}:/opt/ros/humble /usr/bin/cmake --install /home/gabriel/salford_robot/build/salford_robot
