[0.028s] Invoking command in '/home/gabriel/salford_robot/build/salford_robot': CMAKE_PREFIX_PATH=${CMAKE_PREFIX_PATH}:/opt/ros/humble /usr/bin/cmake --build /home/gabriel/salford_robot/build/salford_robot -- -j2 -l2
[0.190s] Invoked command in '/home/gabriel/salford_robot/build/salford_robot' returned '0': CMAKE_PREFIX_PATH=${CMAKE_PREFIX_PATH}:/opt/ros/humble /usr/bin/cmake --build /home/gabriel/salford_robot/build/salford_robot -- -j2 -l2
[0.234s] Invoking command in '/home/gabriel/salford_robot/build/salford_robot': CMAKE_PREFIX_PATH=${CMAKE_PREFIX_PATH}:/opt/ros/humble /usr/bin/cmake --install /home/gabriel/salford_robot/build/salford_robot
[0.245s] -- Install configuration: ""
[0.245s] -- Execute custom install script
[0.247s] -- Up-to-date symlink: /home/gabriel/salford_robot/install/salford_robot/share/salford_robot/src/description/salford_robot_description.urdf
[0.247s] -- Up-to-date symlink: /home/gabriel/salford_robot/install/salford_robot/share/salford_robot/launch/display.launch.py
[0.247s] -- Up-to-date symlink: /home/gabriel/salford_robot/install/salford_robot/share/salford_robot/launch/gazebo_launch.py
[0.248s] -- Up-to-date symlink: /home/gabriel/salford_robot/install/salford_robot/share/salford_robot/rviz/urdf_config.rviz
[0.248s] -- Up-to-date symlink: /home/gabriel/salford_robot/install/salford_robot/share/salford_robot/config/ekf.yaml
[0.251s] -- Up-to-date symlink: /home/gabriel/salford_robot/install/salford_robot/share/salford_robot/world/third_world.sdf
[0.251s] -- Up-to-date symlink: /home/gabriel/salford_robot/install/salford_robot/share/ament_index/resource_index/package_run_dependencies/salford_robot
[0.251s] -- Up-to-date symlink: /home/gabriel/salford_robot/install/salford_robot/share/ament_index/resource_index/parent_prefix_path/salford_robot
[0.253s] -- Up-to-date symlink: /home/gabriel/salford_robot/install/salford_robot/share/salford_robot/environment/ament_prefix_path.sh
[0.253s] -- Up-to-date symlink: /home/gabriel/salford_robot/install/salford_robot/share/salford_robot/environment/ament_prefix_path.dsv
[0.254s] -- Up-to-date symlink: /home/gabriel/salford_robot/install/salford_robot/share/salford_robot/environment/path.sh
[0.255s] -- Up-to-date symlink: /home/gabriel/salford_robot/install/salford_robot/share/salford_robot/environment/path.dsv
[0.256s] -- Up-to-date symlink: /home/gabriel/salford_robot/install/salford_robot/share/salford_robot/local_setup.bash
[0.256s] -- Up-to-date symlink: /home/gabriel/salford_robot/install/salford_robot/share/salford_robot/local_setup.sh
[0.258s] -- Up-to-date symlink: /home/gabriel/salford_robot/install/salford_robot/share/salford_robot/local_setup.zsh
[0.259s] -- Up-to-date symlink: /home/gabriel/salford_robot/install/salford_robot/share/salford_robot/local_setup.dsv
[0.259s] -- Symlinking: /home/gabriel/salford_robot/install/salford_robot/share/salford_robot/package.dsv
[0.276s] -- Up-to-date symlink: /home/gabriel/salford_robot/install/salford_robot/share/ament_index/resource_index/packages/salford_robot
[0.276s] -- Up-to-date symlink: /home/gabriel/salford_robot/install/salford_robot/share/salford_robot/cmake/salford_robotConfig.cmake
[0.277s] -- Up-to-date symlink: /home/gabriel/salford_robot/install/salford_robot/share/salford_robot/cmake/salford_robotConfig-version.cmake
[0.277s] -- Up-to-date symlink: /home/gabriel/salford_robot/install/salford_robot/share/salford_robot/package.xml
[0.282s] Invoked command in '/home/gabriel/salford_robot/build/salford_robot' returned '0': CMAKE_PREFIX_PATH=${CMAKE_PREFIX_PATH}:/opt/ros/humble /usr/bin/cmake --install /home/gabriel/salford_robot/build/salford_robot
