[0.706s] DEBUG:colcon:Command line arguments: ['/usr/bin/colcon', 'build']
[0.706s] DEBUG:colcon:Parsed command line arguments: Namespace(log_base=None, log_level=None, verb_name='build', build_base='build', install_base='install', merge_install=False, symlink_install=False, test_result_base=None, continue_on_error=False, executor='parallel', parallel_workers=4, event_handlers=None, ignore_user_meta=False, metas=['./colcon.meta'], base_paths=['.'], packages_ignore=None, packages_ignore_regex=None, paths=None, packages_up_to=None, packages_up_to_regex=None, packages_above=None, packages_above_and_dependencies=None, packages_above_depth=None, packages_select_by_dep=None, packages_skip_by_dep=None, packages_skip_up_to=None, packages_select_build_failed=False, packages_skip_build_finished=False, packages_select_test_failures=False, packages_skip_test_passed=False, packages_select=None, packages_skip=None, packages_select_regex=None, packages_skip_regex=None, packages_start=None, packages_end=None, allow_overriding=[], cmake_args=None, cmake_target=None, cmake_target_skip_unavailable=False, cmake_clean_cache=False, cmake_clean_first=False, cmake_force_configure=False, ament_cmake_args=None, catkin_cmake_args=None, catkin_skip_building_tests=False, verb_parser=<colcon_defaults.argument_parser.defaults.DefaultArgumentsDecorator object at 0x7f80674ceb60>, verb_extension=<colcon_core.verb.build.BuildVerb object at 0x7f8067c73c40>, main=<bound method BuildVerb.main of <colcon_core.verb.build.BuildVerb object at 0x7f8067c73c40>>)
[0.737s] Level 1:colcon.colcon_core.package_discovery:discover_packages(colcon_meta) check parameters
[0.738s] Level 1:colcon.colcon_core.package_discovery:discover_packages(recursive) check parameters
[0.738s] Level 1:colcon.colcon_core.package_discovery:discover_packages(ignore) check parameters
[0.738s] Level 1:colcon.colcon_core.package_discovery:discover_packages(path) check parameters
[0.738s] Level 1:colcon.colcon_core.package_discovery:discover_packages(colcon_meta) discover
[0.738s] Level 1:colcon.colcon_core.package_discovery:discover_packages(recursive) discover
[0.738s] INFO:colcon.colcon_core.package_discovery:Crawling recursively for packages in '/home/gabriel/salford_robot'
[0.739s] Level 1:colcon.colcon_core.package_identification:_identify(.) by extensions ['ignore', 'ignore_ament_install']
[0.739s] Level 1:colcon.colcon_core.package_identification:_identify(.) by extension 'ignore'
[0.739s] Level 1:colcon.colcon_core.package_identification:_identify(.) by extension 'ignore_ament_install'
[0.739s] Level 1:colcon.colcon_core.package_identification:_identify(.) by extensions ['colcon_pkg']
[0.739s] Level 1:colcon.colcon_core.package_identification:_identify(.) by extension 'colcon_pkg'
[0.739s] Level 1:colcon.colcon_core.package_identification:_identify(.) by extensions ['colcon_meta']
[0.739s] Level 1:colcon.colcon_core.package_identification:_identify(.) by extension 'colcon_meta'
[0.739s] Level 1:colcon.colcon_core.package_identification:_identify(.) by extensions ['ros']
[0.739s] Level 1:colcon.colcon_core.package_identification:_identify(.) by extension 'ros'
[0.752s] DEBUG:colcon.colcon_core.package_identification:Package '.' with type 'ros.ament_cmake' and name 'salford_robot'
[0.752s] Level 1:colcon.colcon_core.package_discovery:discover_packages(recursive) using defaults
[0.752s] Level 1:colcon.colcon_core.package_discovery:discover_packages(ignore) discover
[0.753s] Level 1:colcon.colcon_core.package_discovery:discover_packages(ignore) using defaults
[0.753s] Level 1:colcon.colcon_core.package_discovery:discover_packages(path) discover
[0.753s] Level 1:colcon.colcon_core.package_discovery:discover_packages(path) using defaults
[0.797s] Level 1:colcon.colcon_core.package_discovery:discover_packages(prefix_path) check parameters
[0.797s] Level 1:colcon.colcon_core.package_discovery:discover_packages(prefix_path) discover
[0.806s] DEBUG:colcon.colcon_installed_package_information.package_discovery:Found 1 installed packages in /home/gabriel/salford_robot/install
[0.807s] DEBUG:colcon.colcon_installed_package_information.package_discovery:Found 1 installed packages in /home/gabriel/dev_ws/install
[0.812s] DEBUG:colcon.colcon_installed_package_information.package_discovery:Found 389 installed packages in /opt/ros/humble
[0.814s] Level 1:colcon.colcon_core.package_discovery:discover_packages(prefix_path) using defaults
[1.025s] Level 5:colcon.colcon_core.verb:set package 'salford_robot' build argument 'cmake_args' from command line to 'None'
[1.025s] Level 5:colcon.colcon_core.verb:set package 'salford_robot' build argument 'cmake_target' from command line to 'None'
[1.025s] Level 5:colcon.colcon_core.verb:set package 'salford_robot' build argument 'cmake_target_skip_unavailable' from command line to 'False'
[1.025s] Level 5:colcon.colcon_core.verb:set package 'salford_robot' build argument 'cmake_clean_cache' from command line to 'False'
[1.025s] Level 5:colcon.colcon_core.verb:set package 'salford_robot' build argument 'cmake_clean_first' from command line to 'False'
[1.025s] Level 5:colcon.colcon_core.verb:set package 'salford_robot' build argument 'cmake_force_configure' from command line to 'False'
[1.026s] Level 5:colcon.colcon_core.verb:set package 'salford_robot' build argument 'ament_cmake_args' from command line to 'None'
[1.026s] Level 5:colcon.colcon_core.verb:set package 'salford_robot' build argument 'catkin_cmake_args' from command line to 'None'
[1.026s] Level 5:colcon.colcon_core.verb:set package 'salford_robot' build argument 'catkin_skip_building_tests' from command line to 'False'
[1.026s] DEBUG:colcon.colcon_core.verb:Building package 'salford_robot' with the following arguments: {'ament_cmake_args': None, 'build_base': '/home/gabriel/salford_robot/build/salford_robot', 'catkin_cmake_args': None, 'catkin_skip_building_tests': False, 'cmake_args': None, 'cmake_clean_cache': False, 'cmake_clean_first': False, 'cmake_force_configure': False, 'cmake_target': None, 'cmake_target_skip_unavailable': False, 'install_base': '/home/gabriel/salford_robot/install/salford_robot', 'merge_install': False, 'path': '/home/gabriel/salford_robot', 'symlink_install': False, 'test_result_base': None}
[1.027s] INFO:colcon.colcon_core.executor:Executing jobs using 'parallel' executor
[1.030s] DEBUG:colcon.colcon_parallel_executor.executor.parallel:run_until_complete
[1.030s] INFO:colcon.colcon_ros.task.ament_cmake.build:Building ROS package in '/home/gabriel/salford_robot' with build type 'ament_cmake'
[1.031s] INFO:colcon.colcon_cmake.task.cmake.build:Building CMake package in '/home/gabriel/salford_robot'
[1.044s] INFO:colcon.colcon_core.plugin_system:Skipping extension 'colcon_core.shell.bat': Not used on non-Windows systems
[1.044s] INFO:colcon.colcon_core.shell:Skip shell extension 'powershell' for command environment: Not usable outside of PowerShell
[1.045s] DEBUG:colcon.colcon_core.shell:Skip shell extension 'dsv' for command environment
[1.066s] DEBUG:colcon.colcon_core.event_handler.log_command:Invoking command in '/home/gabriel/salford_robot/build/salford_robot': CMAKE_PREFIX_PATH=${CMAKE_PREFIX_PATH}:/opt/ros/humble /usr/bin/cmake --build /home/gabriel/salford_robot/build/salford_robot -- -j4 -l4
[1.178s] DEBUG:colcon.colcon_core.event_handler.log_command:Invoked command in '/home/gabriel/salford_robot/build/salford_robot' returned '0': CMAKE_PREFIX_PATH=${CMAKE_PREFIX_PATH}:/opt/ros/humble /usr/bin/cmake --build /home/gabriel/salford_robot/build/salford_robot -- -j4 -l4
[1.232s] DEBUG:colcon.colcon_core.event_handler.log_command:Invoking command in '/home/gabriel/salford_robot/build/salford_robot': CMAKE_PREFIX_PATH=${CMAKE_PREFIX_PATH}:/opt/ros/humble /usr/bin/cmake --install /home/gabriel/salford_robot/build/salford_robot
[1.268s] Level 1:colcon.colcon_core.environment:create_environment_scripts_only(salford_robot)
[1.269s] DEBUG:colcon.colcon_core.event_handler.log_command:Invoked command in '/home/gabriel/salford_robot/build/salford_robot' returned '0': CMAKE_PREFIX_PATH=${CMAKE_PREFIX_PATH}:/opt/ros/humble /usr/bin/cmake --install /home/gabriel/salford_robot/build/salford_robot
[1.283s] Level 1:colcon.colcon_core.environment:checking '/home/gabriel/salford_robot/install/salford_robot' for CMake module files
[1.284s] Level 1:colcon.colcon_core.environment:checking '/home/gabriel/salford_robot/install/salford_robot' for CMake config files
[1.284s] Level 1:colcon.colcon_core.shell:create_environment_hook('salford_robot', 'cmake_prefix_path')
[1.285s] INFO:colcon.colcon_core.shell:Creating environment hook '/home/gabriel/salford_robot/install/salford_robot/share/salford_robot/hook/cmake_prefix_path.ps1'
[1.288s] INFO:colcon.colcon_core.shell:Creating environment descriptor '/home/gabriel/salford_robot/install/salford_robot/share/salford_robot/hook/cmake_prefix_path.dsv'
[1.290s] INFO:colcon.colcon_core.shell:Creating environment hook '/home/gabriel/salford_robot/install/salford_robot/share/salford_robot/hook/cmake_prefix_path.sh'
[1.292s] Level 1:colcon.colcon_core.environment:checking '/home/gabriel/salford_robot/install/salford_robot/bin'
[1.292s] Level 1:colcon.colcon_core.environment:checking '/home/gabriel/salford_robot/install/salford_robot/lib/pkgconfig/salford_robot.pc'
[1.294s] Level 1:colcon.colcon_core.environment:checking '/home/gabriel/salford_robot/install/salford_robot/lib/python3.10/site-packages'
[1.294s] Level 1:colcon.colcon_core.environment:checking '/home/gabriel/salford_robot/install/salford_robot/bin'
[1.295s] INFO:colcon.colcon_core.shell:Creating package script '/home/gabriel/salford_robot/install/salford_robot/share/salford_robot/package.ps1'
[1.295s] INFO:colcon.colcon_core.shell:Creating package descriptor '/home/gabriel/salford_robot/install/salford_robot/share/salford_robot/package.dsv'
[1.298s] INFO:colcon.colcon_core.shell:Creating package script '/home/gabriel/salford_robot/install/salford_robot/share/salford_robot/package.sh'
[1.300s] INFO:colcon.colcon_core.shell:Creating package script '/home/gabriel/salford_robot/install/salford_robot/share/salford_robot/package.bash'
[1.302s] INFO:colcon.colcon_core.shell:Creating package script '/home/gabriel/salford_robot/install/salford_robot/share/salford_robot/package.zsh'
[1.304s] Level 1:colcon.colcon_core.environment:create_file_with_runtime_dependencies(/home/gabriel/salford_robot/install/salford_robot/share/colcon-core/packages/salford_robot)
[1.347s] Level 1:colcon.colcon_core.environment:create_environment_scripts_only(salford_robot)
[1.349s] Level 1:colcon.colcon_core.environment:checking '/home/gabriel/salford_robot/install/salford_robot' for CMake module files
[1.350s] Level 1:colcon.colcon_core.environment:checking '/home/gabriel/salford_robot/install/salford_robot' for CMake config files
[1.350s] Level 1:colcon.colcon_core.shell:create_environment_hook('salford_robot', 'cmake_prefix_path')
[1.351s] INFO:colcon.colcon_core.shell:Creating environment hook '/home/gabriel/salford_robot/install/salford_robot/share/salford_robot/hook/cmake_prefix_path.ps1'
[1.352s] INFO:colcon.colcon_core.shell:Creating environment descriptor '/home/gabriel/salford_robot/install/salford_robot/share/salford_robot/hook/cmake_prefix_path.dsv'
[1.353s] INFO:colcon.colcon_core.shell:Creating environment hook '/home/gabriel/salford_robot/install/salford_robot/share/salford_robot/hook/cmake_prefix_path.sh'
[1.354s] Level 1:colcon.colcon_core.environment:checking '/home/gabriel/salford_robot/install/salford_robot/bin'
[1.354s] Level 1:colcon.colcon_core.environment:checking '/home/gabriel/salford_robot/install/salford_robot/lib/pkgconfig/salford_robot.pc'
[1.354s] Level 1:colcon.colcon_core.environment:checking '/home/gabriel/salford_robot/install/salford_robot/lib/python3.10/site-packages'
[1.354s] Level 1:colcon.colcon_core.environment:checking '/home/gabriel/salford_robot/install/salford_robot/bin'
[1.355s] INFO:colcon.colcon_core.shell:Creating package script '/home/gabriel/salford_robot/install/salford_robot/share/salford_robot/package.ps1'
[1.355s] INFO:colcon.colcon_core.shell:Creating package descriptor '/home/gabriel/salford_robot/install/salford_robot/share/salford_robot/package.dsv'
[1.357s] INFO:colcon.colcon_core.shell:Creating package script '/home/gabriel/salford_robot/install/salford_robot/share/salford_robot/package.sh'
[1.357s] INFO:colcon.colcon_core.shell:Creating package script '/home/gabriel/salford_robot/install/salford_robot/share/salford_robot/package.bash'
[1.358s] INFO:colcon.colcon_core.shell:Creating package script '/home/gabriel/salford_robot/install/salford_robot/share/salford_robot/package.zsh'
[1.359s] Level 1:colcon.colcon_core.environment:create_file_with_runtime_dependencies(/home/gabriel/salford_robot/install/salford_robot/share/colcon-core/packages/salford_robot)
[1.360s] DEBUG:colcon.colcon_parallel_executor.executor.parallel:closing loop
[1.360s] DEBUG:colcon.colcon_parallel_executor.executor.parallel:loop closed
[1.361s] DEBUG:colcon.colcon_parallel_executor.executor.parallel:run_until_complete finished with '0'
[1.361s] DEBUG:colcon.colcon_core.event_reactor:joining thread
[1.400s] INFO:colcon.colcon_core.plugin_system:Skipping extension 'colcon_notification.desktop_notification.terminal_notifier': Not used on non-Darwin systems
[1.400s] INFO:colcon.colcon_core.plugin_system:Skipping extension 'colcon_notification.desktop_notification.win32': Not used on non-Windows systems
[1.400s] INFO:colcon.colcon_notification.desktop_notification:Sending desktop notification using 'notify2'
[1.435s] DEBUG:colcon.colcon_core.event_reactor:joined thread
[1.437s] INFO:colcon.colcon_core.shell:Creating prefix script '/home/gabriel/salford_robot/install/local_setup.ps1'
[1.438s] INFO:colcon.colcon_core.shell:Creating prefix util module '/home/gabriel/salford_robot/install/_local_setup_util_ps1.py'
[1.441s] INFO:colcon.colcon_core.shell:Creating prefix chain script '/home/gabriel/salford_robot/install/setup.ps1'
[1.444s] INFO:colcon.colcon_core.shell:Creating prefix script '/home/gabriel/salford_robot/install/local_setup.sh'
[1.446s] INFO:colcon.colcon_core.shell:Creating prefix util module '/home/gabriel/salford_robot/install/_local_setup_util_sh.py'
[1.447s] INFO:colcon.colcon_core.shell:Creating prefix chain script '/home/gabriel/salford_robot/install/setup.sh'
[1.451s] INFO:colcon.colcon_core.shell:Creating prefix script '/home/gabriel/salford_robot/install/local_setup.bash'
[1.455s] INFO:colcon.colcon_core.shell:Creating prefix chain script '/home/gabriel/salford_robot/install/setup.bash'
[1.459s] INFO:colcon.colcon_core.shell:Creating prefix script '/home/gabriel/salford_robot/install/local_setup.zsh'
[1.468s] INFO:colcon.colcon_core.shell:Creating prefix chain script '/home/gabriel/salford_robot/install/setup.zsh'
