[0.016s] Invoking command in '/home/gabriel/salford_robot/build/salford_robot': CMAKE_PREFIX_PATH=${CMAKE_PREFIX_PATH}:/opt/ros/humble /usr/bin/cmake --build /home/gabriel/salford_robot/build/salford_robot -- -j2 -l2
[0.063s] Invoked command in '/home/gabriel/salford_robot/build/salford_robot' returned '0': CMAKE_PREFIX_PATH=${CMAKE_PREFIX_PATH}:/opt/ros/humble /usr/bin/cmake --build /home/gabriel/salford_robot/build/salford_robot -- -j2 -l2
[0.105s] Invoking command in '/home/gabriel/salford_robot/build/salford_robot': CMAKE_PREFIX_PATH=${CMAKE_PREFIX_PATH}:/opt/ros/humble /usr/bin/cmake --install /home/gabriel/salford_robot/build/salford_robot
[0.113s] -- Install configuration: ""
[0.113s] -- Execute custom install script
[0.114s] -- Up-to-date symlink: /home/gabriel/salford_robot/install/salford_robot/share/salford_robot/src/description/salford_robot_description.urdf
[0.114s] -- Up-to-date symlink: /home/gabriel/salford_robot/install/salford_robot/share/salford_robot/launch/display.launch.py
[0.114s] -- Up-to-date symlink: /home/gabriel/salford_robot/install/salford_robot/share/salford_robot/launch/gazebo_launch.py
[0.115s] -- Up-to-date symlink: /home/gabriel/salford_robot/install/salford_robot/share/salford_robot/rviz/urdf_config.rviz
[0.116s] -- Up-to-date symlink: /home/gabriel/salford_robot/install/salford_robot/share/salford_robot/config/ekf.yaml
[0.116s] -- Up-to-date symlink: /home/gabriel/salford_robot/install/salford_robot/share/salford_robot/world/third_world.sdf
[0.117s] -- Up-to-date symlink: /home/gabriel/salford_robot/install/salford_robot/share/ament_index/resource_index/package_run_dependencies/salford_robot
[0.118s] -- Up-to-date symlink: /home/gabriel/salford_robot/install/salford_robot/share/ament_index/resource_index/parent_prefix_path/salford_robot
[0.118s] -- Up-to-date symlink: /home/gabriel/salford_robot/install/salford_robot/share/salford_robot/environment/ament_prefix_path.sh
[0.119s] -- Up-to-date symlink: /home/gabriel/salford_robot/install/salford_robot/share/salford_robot/environment/ament_prefix_path.dsv
[0.120s] -- Up-to-date symlink: /home/gabriel/salford_robot/install/salford_robot/share/salford_robot/environment/path.sh
[0.121s] -- Up-to-date symlink: /home/gabriel/salford_robot/install/salford_robot/share/salford_robot/environment/path.dsv
[0.122s] -- Up-to-date symlink: /home/gabriel/salford_robot/install/salford_robot/share/salford_robot/local_setup.bash
[0.122s] -- Up-to-date symlink: /home/gabriel/salford_robot/install/salford_robot/share/salford_robot/local_setup.sh
[0.123s] -- Up-to-date symlink: /home/gabriel/salford_robot/install/salford_robot/share/salford_robot/local_setup.zsh
[0.124s] -- Up-to-date symlink: /home/gabriel/salford_robot/install/salford_robot/share/salford_robot/local_setup.dsv
[0.124s] -- Symlinking: /home/gabriel/salford_robot/install/salford_robot/share/salford_robot/package.dsv
[0.138s] -- Up-to-date symlink: /home/gabriel/salford_robot/install/salford_robot/share/ament_index/resource_index/packages/salford_robot
[0.139s] -- Up-to-date symlink: /home/gabriel/salford_robot/install/salford_robot/share/salford_robot/cmake/salford_robotConfig.cmake
[0.140s] -- Up-to-date symlink: /home/gabriel/salford_robot/install/salford_robot/share/salford_robot/cmake/salford_robotConfig-version.cmake
[0.141s] -- Up-to-date symlink: /home/gabriel/salford_robot/install/salford_robot/share/salford_robot/package.xml
[0.143s] Invoked command in '/home/gabriel/salford_robot/build/salford_robot' returned '0': CMAKE_PREFIX_PATH=${CMAKE_PREFIX_PATH}:/opt/ros/humble /usr/bin/cmake --install /home/gabriel/salford_robot/build/salford_robot
