[0.053s] Invoking command in '/home/gabriel/salford_robot/build/salford_robot': CMAKE_PREFIX_PATH=${CMAKE_PREFIX_PATH}:/opt/ros/humble /usr/bin/cmake /home/gabriel/salford_robot -DAMENT_CMAKE_SYMLINK_INSTALL=1 -DCMAKE_INSTALL_PREFIX=/home/gabriel/salford_robot/install/salford_robot
[0.119s] -- Found ament_cmake: 1.3.3 (/opt/ros/humble/share/ament_cmake/cmake)
[0.442s] -- Override CMake install command with custom implementation using symlinks instead of copying resources
[0.527s] -- Found ament_lint_auto: 0.12.5 (/opt/ros/humble/share/ament_lint_auto/cmake)
[0.743s] -- Added test 'cppcheck' to perform static code analysis on C / C++ code
[0.744s] -- Configured cppcheck include dirs: 
[0.744s] -- Configured cppcheck exclude dirs and/or files: 
[0.749s] -- Added test 'flake8' to check Python code syntax and style conventions
[0.757s] -- Added test 'lint_cmake' to check CMake code style
[0.764s] -- Added test 'pep257' to check Python code against some of the docstring style conventions in PEP 257
[0.786s] -- Added test 'uncrustify' to check C / C++ code style
[0.786s] -- Configured uncrustify additional arguments: 
[0.795s] -- Added test 'xmllint' to check XML markup files
[0.801s] -- Configuring done
[0.824s] -- Generating done
[0.832s] -- Build files have been written to: /home/gabriel/salford_robot/build/salford_robot
[0.840s] Invoked command in '/home/gabriel/salford_robot/build/salford_robot' returned '0': CMAKE_PREFIX_PATH=${CMAKE_PREFIX_PATH}:/opt/ros/humble /usr/bin/cmake /home/gabriel/salford_robot -DAMENT_CMAKE_SYMLINK_INSTALL=1 -DCMAKE_INSTALL_PREFIX=/home/gabriel/salford_robot/install/salford_robot
[0.841s] Invoking command in '/home/gabriel/salford_robot/build/salford_robot': CMAKE_PREFIX_PATH=${CMAKE_PREFIX_PATH}:/opt/ros/humble /usr/bin/cmake --build /home/gabriel/salford_robot/build/salford_robot -- -j2 -l2
[0.933s] Invoked command in '/home/gabriel/salford_robot/build/salford_robot' returned '0': CMAKE_PREFIX_PATH=${CMAKE_PREFIX_PATH}:/opt/ros/humble /usr/bin/cmake --build /home/gabriel/salford_robot/build/salford_robot -- -j2 -l2
[1.038s] Invoking command in '/home/gabriel/salford_robot/build/salford_robot': CMAKE_PREFIX_PATH=${CMAKE_PREFIX_PATH}:/opt/ros/humble /usr/bin/cmake --install /home/gabriel/salford_robot/build/salford_robot
[1.048s] -- Install configuration: ""
[1.052s] -- Execute custom install script
[1.052s] -- Symlinking: /home/gabriel/salford_robot/install/salford_robot/share/salford_robot/src/description/salford_robot_description.urdf
[1.067s] -- Symlinking: /home/gabriel/salford_robot/install/salford_robot/share/salford_robot/launch/display.launch.py
[1.088s] -- Symlinking: /home/gabriel/salford_robot/install/salford_robot/share/salford_robot/launch/gazebo_launch.py
[1.118s] -- Symlinking: /home/gabriel/salford_robot/install/salford_robot/share/salford_robot/rviz/urdf_config.rviz
[1.127s] -- Symlinking: /home/gabriel/salford_robot/install/salford_robot/share/salford_robot/config/ekf.yaml
[1.141s] -- Up-to-date symlink: /home/gabriel/salford_robot/install/salford_robot/share/salford_robot/world/third_world.sdf
[1.141s] -- Symlinking: /home/gabriel/salford_robot/install/salford_robot/share/ament_index/resource_index/package_run_dependencies/salford_robot
[1.171s] -- Symlinking: /home/gabriel/salford_robot/install/salford_robot/share/ament_index/resource_index/parent_prefix_path/salford_robot
[1.180s] -- Symlinking: /home/gabriel/salford_robot/install/salford_robot/share/salford_robot/environment/ament_prefix_path.sh
[1.196s] -- Symlinking: /home/gabriel/salford_robot/install/salford_robot/share/salford_robot/environment/ament_prefix_path.dsv
[1.208s] -- Symlinking: /home/gabriel/salford_robot/install/salford_robot/share/salford_robot/environment/path.sh
[1.220s] -- Symlinking: /home/gabriel/salford_robot/install/salford_robot/share/salford_robot/environment/path.dsv
[1.230s] -- Symlinking: /home/gabriel/salford_robot/install/salford_robot/share/salford_robot/local_setup.bash
[1.235s] -- Symlinking: /home/gabriel/salford_robot/install/salford_robot/share/salford_robot/local_setup.sh
[1.249s] -- Symlinking: /home/gabriel/salford_robot/install/salford_robot/share/salford_robot/local_setup.zsh
[1.273s] -- Symlinking: /home/gabriel/salford_robot/install/salford_robot/share/salford_robot/local_setup.dsv
[1.282s] -- Symlinking: /home/gabriel/salford_robot/install/salford_robot/share/salford_robot/package.dsv
[1.291s] -- Symlinking: /home/gabriel/salford_robot/install/salford_robot/share/ament_index/resource_index/packages/salford_robot
[1.300s] -- Symlinking: /home/gabriel/salford_robot/install/salford_robot/share/salford_robot/cmake/salford_robotConfig.cmake
[1.313s] -- Symlinking: /home/gabriel/salford_robot/install/salford_robot/share/salford_robot/cmake/salford_robotConfig-version.cmake
[1.325s] -- Symlinking: /home/gabriel/salford_robot/install/salford_robot/share/salford_robot/package.xml
[1.336s] Invoked command in '/home/gabriel/salford_robot/build/salford_robot' returned '0': CMAKE_PREFIX_PATH=${CMAKE_PREFIX_PATH}:/opt/ros/humble /usr/bin/cmake --install /home/gabriel/salford_robot/build/salford_robot
