[0.017s] Invoking command in '/home/gabriel/salford_robot/build/salford_robot': CMAKE_PREFIX_PATH=${CMAKE_PREFIX_PATH}:/opt/ros/humble /usr/bin/cmake --build /home/gabriel/salford_robot/build/salford_robot -- -j4 -l4
[0.068s] -- Found ament_cmake: 1.3.3 (/opt/ros/humble/share/ament_cmake/cmake)
[0.276s] -- Found ament_lint_auto: 0.12.5 (/opt/ros/humble/share/ament_lint_auto/cmake)
[0.377s] -- Added test 'cppcheck' to perform static code analysis on C / C++ code
[0.378s] -- Configured cppcheck include dirs: 
[0.378s] -- Configured cppcheck exclude dirs and/or files: 
[0.379s] -- Added test 'flake8' to check Python code syntax and style conventions
[0.381s] -- Added test 'lint_cmake' to check CMake code style
[0.383s] -- Added test 'pep257' to check Python code against some of the docstring style conventions in PEP 257
[0.388s] -- Added test 'uncrustify' to check C / C++ code style
[0.389s] -- Configured uncrustify additional arguments: 
[0.390s] -- Added test 'xmllint' to check XML markup files
[0.394s] -- Configuring done
[0.406s] -- Generating done
[0.408s] -- Build files have been written to: /home/gabriel/salford_robot/build/salford_robot
[0.430s] Invoked command in '/home/gabriel/salford_robot/build/salford_robot' returned '0': CMAKE_PREFIX_PATH=${CMAKE_PREFIX_PATH}:/opt/ros/humble /usr/bin/cmake --build /home/gabriel/salford_robot/build/salford_robot -- -j4 -l4
[0.479s] Invoking command in '/home/gabriel/salford_robot/build/salford_robot': CMAKE_PREFIX_PATH=${CMAKE_PREFIX_PATH}:/opt/ros/humble /usr/bin/cmake --install /home/gabriel/salford_robot/build/salford_robot
[0.486s] -- Install configuration: ""
[0.487s] -- Up-to-date: /home/gabriel/salford_robot/install/salford_robot/share/salford_robot/src
[0.487s] -- Up-to-date: /home/gabriel/salford_robot/install/salford_robot/share/salford_robot/src/description
[0.488s] -- Installing: /home/gabriel/salford_robot/install/salford_robot/share/salford_robot/src/description/salford_robot_description.urdf
[0.488s] -- Up-to-date: /home/gabriel/salford_robot/install/salford_robot/share/salford_robot/launch
[0.488s] -- Installing: /home/gabriel/salford_robot/install/salford_robot/share/salford_robot/launch/display.launch.py
[0.489s] -- Up-to-date: /home/gabriel/salford_robot/install/salford_robot/share/salford_robot/rviz
[0.489s] -- Up-to-date: /home/gabriel/salford_robot/install/salford_robot/share/salford_robot/rviz/urdf_config.rviz
[0.489s] -- Installing: /home/gabriel/salford_robot/install/salford_robot/share/ament_index/resource_index/package_run_dependencies/salford_robot
[0.491s] -- Installing: /home/gabriel/salford_robot/install/salford_robot/share/ament_index/resource_index/parent_prefix_path/salford_robot
[0.491s] -- Up-to-date: /home/gabriel/salford_robot/install/salford_robot/share/salford_robot/environment/ament_prefix_path.sh
[0.491s] -- Installing: /home/gabriel/salford_robot/install/salford_robot/share/salford_robot/environment/ament_prefix_path.dsv
[0.492s] -- Up-to-date: /home/gabriel/salford_robot/install/salford_robot/share/salford_robot/environment/path.sh
[0.492s] -- Installing: /home/gabriel/salford_robot/install/salford_robot/share/salford_robot/environment/path.dsv
[0.492s] -- Up-to-date: /home/gabriel/salford_robot/install/salford_robot/share/salford_robot/local_setup.bash
[0.492s] -- Up-to-date: /home/gabriel/salford_robot/install/salford_robot/share/salford_robot/local_setup.sh
[0.493s] -- Up-to-date: /home/gabriel/salford_robot/install/salford_robot/share/salford_robot/local_setup.zsh
[0.502s] -- Installing: /home/gabriel/salford_robot/install/salford_robot/share/salford_robot/local_setup.dsv
[0.503s] -- Installing: /home/gabriel/salford_robot/install/salford_robot/share/salford_robot/package.dsv
[0.504s] -- Up-to-date: /home/gabriel/salford_robot/install/salford_robot/share/ament_index/resource_index/packages/salford_robot
[0.506s] -- Up-to-date: /home/gabriel/salford_robot/install/salford_robot/share/salford_robot/cmake/salford_robotConfig.cmake
[0.507s] -- Up-to-date: /home/gabriel/salford_robot/install/salford_robot/share/salford_robot/cmake/salford_robotConfig-version.cmake
[0.511s] -- Installing: /home/gabriel/salford_robot/install/salford_robot/share/salford_robot/package.xml
[0.512s] Invoked command in '/home/gabriel/salford_robot/build/salford_robot' returned '0': CMAKE_PREFIX_PATH=${CMAKE_PREFIX_PATH}:/opt/ros/humble /usr/bin/cmake --install /home/gabriel/salford_robot/build/salford_robot
