[0.041s] Invoking command in '/home/gabriel/salford_robot/build/salford_robot': CMAKE_PREFIX_PATH=${CMAKE_PREFIX_PATH}:/opt/ros/humble /usr/bin/cmake --build /home/gabriel/salford_robot/build/salford_robot -- -j2 -l2
[0.273s] Invoked command in '/home/gabriel/salford_robot/build/salford_robot' returned '0': CMAKE_PREFIX_PATH=${CMAKE_PREFIX_PATH}:/opt/ros/humble /usr/bin/cmake --build /home/gabriel/salford_robot/build/salford_robot -- -j2 -l2
[0.357s] Invoking command in '/home/gabriel/salford_robot/build/salford_robot': CMAKE_PREFIX_PATH=${CMAKE_PREFIX_PATH}:/opt/ros/humble /usr/bin/cmake --install /home/gabriel/salford_robot/build/salford_robot
[0.378s] -- Install configuration: ""
[0.381s] -- Execute custom install script
[0.382s] -- Up-to-date symlink: /home/gabriel/salford_robot/install/salford_robot/share/salford_robot/src/description/salford_robot_description.urdf
[0.383s] -- Up-to-date symlink: /home/gabriel/salford_robot/install/salford_robot/share/salford_robot/launch/display.launch.py
[0.383s] -- Up-to-date symlink: /home/gabriel/salford_robot/install/salford_robot/share/salford_robot/rviz/urdf_config.rviz
[0.384s] -- Up-to-date symlink: /home/gabriel/salford_robot/install/salford_robot/share/salford_robot/config/ekf.yaml
[0.385s] -- Up-to-date symlink: /home/gabriel/salford_robot/install/salford_robot/share/salford_robot/config/nav2_params.yaml
[0.385s] -- Up-to-date symlink: /home/gabriel/salford_robot/install/salford_robot/share/salford_robot/world/living_lab/model.config
[0.386s] -- Up-to-date symlink: /home/gabriel/salford_robot/install/salford_robot/share/salford_robot/world/living_lab/model.sdf
[0.386s] -- Up-to-date symlink: /home/gabriel/salford_robot/install/salford_robot/share/salford_robot/world/model.config
[0.386s] -- Up-to-date symlink: /home/gabriel/salford_robot/install/salford_robot/share/salford_robot/world/model.sdf
[0.386s] -- Up-to-date symlink: /home/gabriel/salford_robot/install/salford_robot/share/salford_robot/world/third_world.sdf
[0.387s] -- Up-to-date symlink: /home/gabriel/salford_robot/install/salford_robot/share/ament_index/resource_index/package_run_dependencies/salford_robot
[0.387s] -- Up-to-date symlink: /home/gabriel/salford_robot/install/salford_robot/share/ament_index/resource_index/parent_prefix_path/salford_robot
[0.388s] -- Up-to-date symlink: /home/gabriel/salford_robot/install/salford_robot/share/salford_robot/environment/ament_prefix_path.sh
[0.389s] -- Up-to-date symlink: /home/gabriel/salford_robot/install/salford_robot/share/salford_robot/environment/ament_prefix_path.dsv
[0.390s] -- Up-to-date symlink: /home/gabriel/salford_robot/install/salford_robot/share/salford_robot/environment/path.sh
[0.391s] -- Up-to-date symlink: /home/gabriel/salford_robot/install/salford_robot/share/salford_robot/environment/path.dsv
[0.392s] -- Up-to-date symlink: /home/gabriel/salford_robot/install/salford_robot/share/salford_robot/local_setup.bash
[0.393s] -- Up-to-date symlink: /home/gabriel/salford_robot/install/salford_robot/share/salford_robot/local_setup.sh
[0.393s] -- Up-to-date symlink: /home/gabriel/salford_robot/install/salford_robot/share/salford_robot/local_setup.zsh
[0.394s] -- Up-to-date symlink: /home/gabriel/salford_robot/install/salford_robot/share/salford_robot/local_setup.dsv
[0.394s] -- Symlinking: /home/gabriel/salford_robot/install/salford_robot/share/salford_robot/package.dsv
[0.413s] -- Up-to-date symlink: /home/gabriel/salford_robot/install/salford_robot/share/ament_index/resource_index/packages/salford_robot
[0.414s] -- Up-to-date symlink: /home/gabriel/salford_robot/install/salford_robot/share/salford_robot/cmake/salford_robotConfig.cmake
[0.415s] -- Up-to-date symlink: /home/gabriel/salford_robot/install/salford_robot/share/salford_robot/cmake/salford_robotConfig-version.cmake
[0.415s] -- Up-to-date symlink: /home/gabriel/salford_robot/install/salford_robot/share/salford_robot/package.xml
[0.419s] Invoked command in '/home/gabriel/salford_robot/build/salford_robot' returned '0': CMAKE_PREFIX_PATH=${CMAKE_PREFIX_PATH}:/opt/ros/humble /usr/bin/cmake --install /home/gabriel/salford_robot/build/salford_robot
