[2.127s] DEBUG:colcon:Command line arguments: ['/usr/bin/colcon', 'build']
[2.127s] DEBUG:colcon:Parsed command line arguments: Namespace(log_base=None, log_level=None, verb_name='build', build_base='build', install_base='install', merge_install=False, symlink_install=False, test_result_base=None, continue_on_error=False, executor='parallel', parallel_workers=4, event_handlers=None, ignore_user_meta=False, metas=['./colcon.meta'], base_paths=['.'], packages_ignore=None, packages_ignore_regex=None, paths=None, packages_up_to=None, packages_up_to_regex=None, packages_above=None, packages_above_and_dependencies=None, packages_above_depth=None, packages_select_by_dep=None, packages_skip_by_dep=None, packages_skip_up_to=None, packages_select_build_failed=False, packages_skip_build_finished=False, packages_select_test_failures=False, packages_skip_test_passed=False, packages_select=None, packages_skip=None, packages_select_regex=None, packages_skip_regex=None, packages_start=None, packages_end=None, allow_overriding=[], cmake_args=None, cmake_target=None, cmake_target_skip_unavailable=False, cmake_clean_cache=False, cmake_clean_first=False, cmake_force_configure=False, ament_cmake_args=None, catkin_cmake_args=None, catkin_skip_building_tests=False, verb_parser=<colcon_defaults.argument_parser.defaults.DefaultArgumentsDecorator object at 0x7f8d861d6cb0>, verb_extension=<colcon_core.verb.build.BuildVerb object at 0x7f8d869c7f70>, main=<bound method BuildVerb.main of <colcon_core.verb.build.BuildVerb object at 0x7f8d869c7f70>>)
[2.320s] Level 1:colcon.colcon_core.package_discovery:discover_packages(colcon_meta) check parameters
[2.320s] Level 1:colcon.colcon_core.package_discovery:discover_packages(recursive) check parameters
[2.320s] Level 1:colcon.colcon_core.package_discovery:discover_packages(ignore) check parameters
[2.320s] Level 1:colcon.colcon_core.package_discovery:discover_packages(path) check parameters
[2.320s] Level 1:colcon.colcon_core.package_discovery:discover_packages(colcon_meta) discover
[2.321s] Level 1:colcon.colcon_core.package_discovery:discover_packages(recursive) discover
[2.321s] INFO:colcon.colcon_core.package_discovery:Crawling recursively for packages in '/home/gabriel/salford_robot'
[2.321s] Level 1:colcon.colcon_core.package_identification:_identify(.) by extensions ['ignore', 'ignore_ament_install']
[2.321s] Level 1:colcon.colcon_core.package_identification:_identify(.) by extension 'ignore'
[2.321s] Level 1:colcon.colcon_core.package_identification:_identify(.) by extension 'ignore_ament_install'
[2.322s] Level 1:colcon.colcon_core.package_identification:_identify(.) by extensions ['colcon_pkg']
[2.322s] Level 1:colcon.colcon_core.package_identification:_identify(.) by extension 'colcon_pkg'
[2.322s] Level 1:colcon.colcon_core.package_identification:_identify(.) by extensions ['colcon_meta']
[2.322s] Level 1:colcon.colcon_core.package_identification:_identify(.) by extension 'colcon_meta'
[2.322s] Level 1:colcon.colcon_core.package_identification:_identify(.) by extensions ['ros']
[2.322s] Level 1:colcon.colcon_core.package_identification:_identify(.) by extension 'ros'
[2.359s] DEBUG:colcon.colcon_core.package_identification:Package '.' with type 'ros.ament_cmake' and name 'salford_robot'
[2.359s] Level 1:colcon.colcon_core.package_discovery:discover_packages(recursive) using defaults
[2.359s] Level 1:colcon.colcon_core.package_discovery:discover_packages(ignore) discover
[2.359s] Level 1:colcon.colcon_core.package_discovery:discover_packages(ignore) using defaults
[2.359s] Level 1:colcon.colcon_core.package_discovery:discover_packages(path) discover
[2.359s] Level 1:colcon.colcon_core.package_discovery:discover_packages(path) using defaults
[2.466s] Level 1:colcon.colcon_core.package_discovery:discover_packages(prefix_path) check parameters
[2.466s] Level 1:colcon.colcon_core.package_discovery:discover_packages(prefix_path) discover
[2.493s] DEBUG:colcon.colcon_installed_package_information.package_discovery:Found 1 installed packages in /home/gabriel/salford_robot/install
[2.517s] DEBUG:colcon.colcon_installed_package_information.package_discovery:Found 1 installed packages in /home/gabriel/dev_ws/install
[2.522s] DEBUG:colcon.colcon_installed_package_information.package_discovery:Found 389 installed packages in /opt/ros/humble
[2.524s] Level 1:colcon.colcon_core.package_discovery:discover_packages(prefix_path) using defaults
[3.201s] Level 5:colcon.colcon_core.verb:set package 'salford_robot' build argument 'cmake_args' from command line to 'None'
[3.202s] Level 5:colcon.colcon_core.verb:set package 'salford_robot' build argument 'cmake_target' from command line to 'None'
[3.202s] Level 5:colcon.colcon_core.verb:set package 'salford_robot' build argument 'cmake_target_skip_unavailable' from command line to 'False'
[3.202s] Level 5:colcon.colcon_core.verb:set package 'salford_robot' build argument 'cmake_clean_cache' from command line to 'False'
[3.202s] Level 5:colcon.colcon_core.verb:set package 'salford_robot' build argument 'cmake_clean_first' from command line to 'False'
[3.202s] Level 5:colcon.colcon_core.verb:set package 'salford_robot' build argument 'cmake_force_configure' from command line to 'False'
[3.202s] Level 5:colcon.colcon_core.verb:set package 'salford_robot' build argument 'ament_cmake_args' from command line to 'None'
[3.202s] Level 5:colcon.colcon_core.verb:set package 'salford_robot' build argument 'catkin_cmake_args' from command line to 'None'
[3.202s] Level 5:colcon.colcon_core.verb:set package 'salford_robot' build argument 'catkin_skip_building_tests' from command line to 'False'
[3.202s] DEBUG:colcon.colcon_core.verb:Building package 'salford_robot' with the following arguments: {'ament_cmake_args': None, 'build_base': '/home/gabriel/salford_robot/build/salford_robot', 'catkin_cmake_args': None, 'catkin_skip_building_tests': False, 'cmake_args': None, 'cmake_clean_cache': False, 'cmake_clean_first': False, 'cmake_force_configure': False, 'cmake_target': None, 'cmake_target_skip_unavailable': False, 'install_base': '/home/gabriel/salford_robot/install/salford_robot', 'merge_install': False, 'path': '/home/gabriel/salford_robot', 'symlink_install': False, 'test_result_base': None}
[3.203s] INFO:colcon.colcon_core.executor:Executing jobs using 'parallel' executor
[3.216s] DEBUG:colcon.colcon_parallel_executor.executor.parallel:run_until_complete
[3.216s] INFO:colcon.colcon_ros.task.ament_cmake.build:Building ROS package in '/home/gabriel/salford_robot' with build type 'ament_cmake'
[3.216s] INFO:colcon.colcon_cmake.task.cmake.build:Building CMake package in '/home/gabriel/salford_robot'
[3.240s] INFO:colcon.colcon_core.plugin_system:Skipping extension 'colcon_core.shell.bat': Not used on non-Windows systems
[3.240s] INFO:colcon.colcon_core.shell:Skip shell extension 'powershell' for command environment: Not usable outside of PowerShell
[3.240s] DEBUG:colcon.colcon_core.shell:Skip shell extension 'dsv' for command environment
[3.306s] DEBUG:colcon.colcon_core.event_handler.log_command:Invoking command in '/home/gabriel/salford_robot/build/salford_robot': CMAKE_PREFIX_PATH=${CMAKE_PREFIX_PATH}:/opt/ros/humble /usr/bin/cmake --build /home/gabriel/salford_robot/build/salford_robot -- -j4 -l4
[3.720s] DEBUG:colcon.colcon_core.event_handler.log_command:Invoked command in '/home/gabriel/salford_robot/build/salford_robot' returned '0': CMAKE_PREFIX_PATH=${CMAKE_PREFIX_PATH}:/opt/ros/humble /usr/bin/cmake --build /home/gabriel/salford_robot/build/salford_robot -- -j4 -l4
[3.846s] DEBUG:colcon.colcon_core.event_handler.log_command:Invoking command in '/home/gabriel/salford_robot/build/salford_robot': CMAKE_PREFIX_PATH=${CMAKE_PREFIX_PATH}:/opt/ros/humble /usr/bin/cmake --install /home/gabriel/salford_robot/build/salford_robot
[3.934s] Level 1:colcon.colcon_core.environment:create_environment_scripts_only(salford_robot)
[3.935s] DEBUG:colcon.colcon_core.event_handler.log_command:Invoked command in '/home/gabriel/salford_robot/build/salford_robot' returned '0': CMAKE_PREFIX_PATH=${CMAKE_PREFIX_PATH}:/opt/ros/humble /usr/bin/cmake --install /home/gabriel/salford_robot/build/salford_robot
[3.959s] Level 1:colcon.colcon_core.environment:checking '/home/gabriel/salford_robot/install/salford_robot' for CMake module files
[3.960s] Level 1:colcon.colcon_core.environment:checking '/home/gabriel/salford_robot/install/salford_robot' for CMake config files
[3.960s] Level 1:colcon.colcon_core.shell:create_environment_hook('salford_robot', 'cmake_prefix_path')
[3.961s] INFO:colcon.colcon_core.shell:Creating environment hook '/home/gabriel/salford_robot/install/salford_robot/share/salford_robot/hook/cmake_prefix_path.ps1'
[3.964s] INFO:colcon.colcon_core.shell:Creating environment descriptor '/home/gabriel/salford_robot/install/salford_robot/share/salford_robot/hook/cmake_prefix_path.dsv'
[3.966s] INFO:colcon.colcon_core.shell:Creating environment hook '/home/gabriel/salford_robot/install/salford_robot/share/salford_robot/hook/cmake_prefix_path.sh'
[3.987s] Level 1:colcon.colcon_core.environment:checking '/home/gabriel/salford_robot/install/salford_robot/bin'
[3.990s] Level 1:colcon.colcon_core.environment:checking '/home/gabriel/salford_robot/install/salford_robot/lib/pkgconfig/salford_robot.pc'
[3.990s] Level 1:colcon.colcon_core.environment:checking '/home/gabriel/salford_robot/install/salford_robot/lib/python3.10/site-packages'
[3.990s] Level 1:colcon.colcon_core.environment:checking '/home/gabriel/salford_robot/install/salford_robot/bin'
[3.994s] INFO:colcon.colcon_core.shell:Creating package script '/home/gabriel/salford_robot/install/salford_robot/share/salford_robot/package.ps1'
[3.999s] INFO:colcon.colcon_core.shell:Creating package descriptor '/home/gabriel/salford_robot/install/salford_robot/share/salford_robot/package.dsv'
[4.010s] INFO:colcon.colcon_core.shell:Creating package script '/home/gabriel/salford_robot/install/salford_robot/share/salford_robot/package.sh'
[4.014s] INFO:colcon.colcon_core.shell:Creating package script '/home/gabriel/salford_robot/install/salford_robot/share/salford_robot/package.bash'
[4.016s] INFO:colcon.colcon_core.shell:Creating package script '/home/gabriel/salford_robot/install/salford_robot/share/salford_robot/package.zsh'
[4.019s] Level 1:colcon.colcon_core.environment:create_file_with_runtime_dependencies(/home/gabriel/salford_robot/install/salford_robot/share/colcon-core/packages/salford_robot)
[4.104s] Level 1:colcon.colcon_core.environment:create_environment_scripts_only(salford_robot)
[4.105s] Level 1:colcon.colcon_core.environment:checking '/home/gabriel/salford_robot/install/salford_robot' for CMake module files
[4.118s] Level 1:colcon.colcon_core.environment:checking '/home/gabriel/salford_robot/install/salford_robot' for CMake config files
[4.120s] Level 1:colcon.colcon_core.shell:create_environment_hook('salford_robot', 'cmake_prefix_path')
[4.122s] INFO:colcon.colcon_core.shell:Creating environment hook '/home/gabriel/salford_robot/install/salford_robot/share/salford_robot/hook/cmake_prefix_path.ps1'
[4.123s] INFO:colcon.colcon_core.shell:Creating environment descriptor '/home/gabriel/salford_robot/install/salford_robot/share/salford_robot/hook/cmake_prefix_path.dsv'
[4.126s] INFO:colcon.colcon_core.shell:Creating environment hook '/home/gabriel/salford_robot/install/salford_robot/share/salford_robot/hook/cmake_prefix_path.sh'
[4.127s] Level 1:colcon.colcon_core.environment:checking '/home/gabriel/salford_robot/install/salford_robot/bin'
[4.128s] Level 1:colcon.colcon_core.environment:checking '/home/gabriel/salford_robot/install/salford_robot/lib/pkgconfig/salford_robot.pc'
[4.128s] Level 1:colcon.colcon_core.environment:checking '/home/gabriel/salford_robot/install/salford_robot/lib/python3.10/site-packages'
[4.129s] Level 1:colcon.colcon_core.environment:checking '/home/gabriel/salford_robot/install/salford_robot/bin'
[4.130s] INFO:colcon.colcon_core.shell:Creating package script '/home/gabriel/salford_robot/install/salford_robot/share/salford_robot/package.ps1'
[4.131s] INFO:colcon.colcon_core.shell:Creating package descriptor '/home/gabriel/salford_robot/install/salford_robot/share/salford_robot/package.dsv'
[4.132s] INFO:colcon.colcon_core.shell:Creating package script '/home/gabriel/salford_robot/install/salford_robot/share/salford_robot/package.sh'
[4.133s] INFO:colcon.colcon_core.shell:Creating package script '/home/gabriel/salford_robot/install/salford_robot/share/salford_robot/package.bash'
[4.134s] INFO:colcon.colcon_core.shell:Creating package script '/home/gabriel/salford_robot/install/salford_robot/share/salford_robot/package.zsh'
[4.135s] Level 1:colcon.colcon_core.environment:create_file_with_runtime_dependencies(/home/gabriel/salford_robot/install/salford_robot/share/colcon-core/packages/salford_robot)
[4.136s] DEBUG:colcon.colcon_parallel_executor.executor.parallel:closing loop
[4.137s] DEBUG:colcon.colcon_parallel_executor.executor.parallel:loop closed
[4.137s] DEBUG:colcon.colcon_parallel_executor.executor.parallel:run_until_complete finished with '0'
[4.137s] DEBUG:colcon.colcon_core.event_reactor:joining thread
[4.214s] INFO:colcon.colcon_core.plugin_system:Skipping extension 'colcon_notification.desktop_notification.terminal_notifier': Not used on non-Darwin systems
[4.217s] INFO:colcon.colcon_core.plugin_system:Skipping extension 'colcon_notification.desktop_notification.win32': Not used on non-Windows systems
[4.218s] INFO:colcon.colcon_notification.desktop_notification:Sending desktop notification using 'notify2'
[4.496s] DEBUG:colcon.colcon_core.event_reactor:joined thread
[4.497s] INFO:colcon.colcon_core.shell:Creating prefix script '/home/gabriel/salford_robot/install/local_setup.ps1'
[4.499s] INFO:colcon.colcon_core.shell:Creating prefix util module '/home/gabriel/salford_robot/install/_local_setup_util_ps1.py'
[4.504s] INFO:colcon.colcon_core.shell:Creating prefix chain script '/home/gabriel/salford_robot/install/setup.ps1'
[4.507s] INFO:colcon.colcon_core.shell:Creating prefix script '/home/gabriel/salford_robot/install/local_setup.sh'
[4.510s] INFO:colcon.colcon_core.shell:Creating prefix util module '/home/gabriel/salford_robot/install/_local_setup_util_sh.py'
[4.511s] INFO:colcon.colcon_core.shell:Creating prefix chain script '/home/gabriel/salford_robot/install/setup.sh'
[4.514s] INFO:colcon.colcon_core.shell:Creating prefix script '/home/gabriel/salford_robot/install/local_setup.bash'
[4.517s] INFO:colcon.colcon_core.shell:Creating prefix chain script '/home/gabriel/salford_robot/install/setup.bash'
[4.521s] INFO:colcon.colcon_core.shell:Creating prefix script '/home/gabriel/salford_robot/install/local_setup.zsh'
[4.523s] INFO:colcon.colcon_core.shell:Creating prefix chain script '/home/gabriel/salford_robot/install/setup.zsh'
