[1.621s] DEBUG:colcon:Command line arguments: ['/usr/bin/colcon', 'build']
[1.621s] DEBUG:colcon:Parsed command line arguments: Namespace(log_base=None, log_level=None, verb_name='build', build_base='build', install_base='install', merge_install=False, symlink_install=False, test_result_base=None, continue_on_error=False, executor='parallel', parallel_workers=2, event_handlers=None, ignore_user_meta=False, metas=['./colcon.meta'], base_paths=['.'], packages_ignore=None, packages_ignore_regex=None, paths=None, packages_up_to=None, packages_up_to_regex=None, packages_above=None, packages_above_and_dependencies=None, packages_above_depth=None, packages_select_by_dep=None, packages_skip_by_dep=None, packages_skip_up_to=None, packages_select_build_failed=False, packages_skip_build_finished=False, packages_select_test_failures=False, packages_skip_test_passed=False, packages_select=None, packages_skip=None, packages_select_regex=None, packages_skip_regex=None, packages_start=None, packages_end=None, allow_overriding=[], cmake_args=None, cmake_target=None, cmake_target_skip_unavailable=False, cmake_clean_cache=False, cmake_clean_first=False, cmake_force_configure=False, ament_cmake_args=None, catkin_cmake_args=None, catkin_skip_building_tests=False, verb_parser=<colcon_defaults.argument_parser.defaults.DefaultArgumentsDecorator object at 0x7fdca19d2c50>, verb_extension=<colcon_core.verb.build.BuildVerb object at 0x7fdca218cee0>, main=<bound method BuildVerb.main of <colcon_core.verb.build.BuildVerb object at 0x7fdca218cee0>>)
[1.786s] Level 1:colcon.colcon_core.package_discovery:discover_packages(colcon_meta) check parameters
[1.787s] Level 1:colcon.colcon_core.package_discovery:discover_packages(recursive) check parameters
[1.787s] Level 1:colcon.colcon_core.package_discovery:discover_packages(ignore) check parameters
[1.787s] Level 1:colcon.colcon_core.package_discovery:discover_packages(path) check parameters
[1.787s] Level 1:colcon.colcon_core.package_discovery:discover_packages(colcon_meta) discover
[1.787s] Level 1:colcon.colcon_core.package_discovery:discover_packages(recursive) discover
[1.787s] INFO:colcon.colcon_core.package_discovery:Crawling recursively for packages in '/home/gabriel/salford_robot'
[1.787s] Level 1:colcon.colcon_core.package_identification:_identify(.) by extensions ['ignore', 'ignore_ament_install']
[1.787s] Level 1:colcon.colcon_core.package_identification:_identify(.) by extension 'ignore'
[1.790s] Level 1:colcon.colcon_core.package_identification:_identify(.) by extension 'ignore_ament_install'
[1.791s] Level 1:colcon.colcon_core.package_identification:_identify(.) by extensions ['colcon_pkg']
[1.791s] Level 1:colcon.colcon_core.package_identification:_identify(.) by extension 'colcon_pkg'
[1.791s] Level 1:colcon.colcon_core.package_identification:_identify(.) by extensions ['colcon_meta']
[1.791s] Level 1:colcon.colcon_core.package_identification:_identify(.) by extension 'colcon_meta'
[1.791s] Level 1:colcon.colcon_core.package_identification:_identify(.) by extensions ['ros']
[1.791s] Level 1:colcon.colcon_core.package_identification:_identify(.) by extension 'ros'
[1.871s] DEBUG:colcon.colcon_core.package_identification:Package '.' with type 'ros.ament_cmake' and name 'salford_robot'
[1.871s] Level 1:colcon.colcon_core.package_discovery:discover_packages(recursive) using defaults
[1.871s] Level 1:colcon.colcon_core.package_discovery:discover_packages(ignore) discover
[1.871s] Level 1:colcon.colcon_core.package_discovery:discover_packages(ignore) using defaults
[1.871s] Level 1:colcon.colcon_core.package_discovery:discover_packages(path) discover
[1.871s] Level 1:colcon.colcon_core.package_discovery:discover_packages(path) using defaults
[1.954s] Level 1:colcon.colcon_core.package_discovery:discover_packages(prefix_path) check parameters
[1.954s] Level 1:colcon.colcon_core.package_discovery:discover_packages(prefix_path) discover
[1.966s] DEBUG:colcon.colcon_installed_package_information.package_discovery:Found 1 installed packages in /home/gabriel/dev_ws/install
[1.968s] DEBUG:colcon.colcon_installed_package_information.package_discovery:Found 389 installed packages in /opt/ros/humble
[1.969s] Level 1:colcon.colcon_core.package_discovery:discover_packages(prefix_path) using defaults
[2.063s] Level 5:colcon.colcon_core.verb:set package 'salford_robot' build argument 'cmake_args' from command line to 'None'
[2.063s] Level 5:colcon.colcon_core.verb:set package 'salford_robot' build argument 'cmake_target' from command line to 'None'
[2.063s] Level 5:colcon.colcon_core.verb:set package 'salford_robot' build argument 'cmake_target_skip_unavailable' from command line to 'False'
[2.063s] Level 5:colcon.colcon_core.verb:set package 'salford_robot' build argument 'cmake_clean_cache' from command line to 'False'
[2.063s] Level 5:colcon.colcon_core.verb:set package 'salford_robot' build argument 'cmake_clean_first' from command line to 'False'
[2.063s] Level 5:colcon.colcon_core.verb:set package 'salford_robot' build argument 'cmake_force_configure' from command line to 'False'
[2.063s] Level 5:colcon.colcon_core.verb:set package 'salford_robot' build argument 'ament_cmake_args' from command line to 'None'
[2.063s] Level 5:colcon.colcon_core.verb:set package 'salford_robot' build argument 'catkin_cmake_args' from command line to 'None'
[2.063s] Level 5:colcon.colcon_core.verb:set package 'salford_robot' build argument 'catkin_skip_building_tests' from command line to 'False'
[2.063s] DEBUG:colcon.colcon_core.verb:Building package 'salford_robot' with the following arguments: {'ament_cmake_args': None, 'build_base': '/home/gabriel/salford_robot/build/salford_robot', 'catkin_cmake_args': None, 'catkin_skip_building_tests': False, 'cmake_args': None, 'cmake_clean_cache': False, 'cmake_clean_first': False, 'cmake_force_configure': False, 'cmake_target': None, 'cmake_target_skip_unavailable': False, 'install_base': '/home/gabriel/salford_robot/install/salford_robot', 'merge_install': False, 'path': '/home/gabriel/salford_robot', 'symlink_install': False, 'test_result_base': None}
[2.065s] INFO:colcon.colcon_core.executor:Executing jobs using 'parallel' executor
[2.069s] DEBUG:colcon.colcon_parallel_executor.executor.parallel:run_until_complete
[2.069s] INFO:colcon.colcon_ros.task.ament_cmake.build:Building ROS package in '/home/gabriel/salford_robot' with build type 'ament_cmake'
[2.069s] INFO:colcon.colcon_cmake.task.cmake.build:Building CMake package in '/home/gabriel/salford_robot'
[2.091s] INFO:colcon.colcon_core.plugin_system:Skipping extension 'colcon_core.shell.bat': Not used on non-Windows systems
[2.091s] INFO:colcon.colcon_core.shell:Skip shell extension 'powershell' for command environment: Not usable outside of PowerShell
[2.091s] DEBUG:colcon.colcon_core.shell:Skip shell extension 'dsv' for command environment
[2.136s] DEBUG:colcon.colcon_core.event_handler.log_command:Invoking command in '/home/gabriel/salford_robot/build/salford_robot': CMAKE_PREFIX_PATH=${CMAKE_PREFIX_PATH}:/opt/ros/humble /usr/bin/cmake --build /home/gabriel/salford_robot/build/salford_robot -- -j2 -l2
[2.484s] DEBUG:colcon.colcon_core.event_handler.log_command:Invoked command in '/home/gabriel/salford_robot/build/salford_robot' returned '0': CMAKE_PREFIX_PATH=${CMAKE_PREFIX_PATH}:/opt/ros/humble /usr/bin/cmake --build /home/gabriel/salford_robot/build/salford_robot -- -j2 -l2
[2.560s] DEBUG:colcon.colcon_core.event_handler.log_command:Invoking command in '/home/gabriel/salford_robot/build/salford_robot': CMAKE_PREFIX_PATH=${CMAKE_PREFIX_PATH}:/opt/ros/humble /usr/bin/cmake --install /home/gabriel/salford_robot/build/salford_robot
[2.730s] Level 1:colcon.colcon_core.environment:create_environment_scripts_only(salford_robot)
[2.731s] DEBUG:colcon.colcon_core.event_handler.log_command:Invoked command in '/home/gabriel/salford_robot/build/salford_robot' returned '0': CMAKE_PREFIX_PATH=${CMAKE_PREFIX_PATH}:/opt/ros/humble /usr/bin/cmake --install /home/gabriel/salford_robot/build/salford_robot
[2.752s] Level 1:colcon.colcon_core.environment:checking '/home/gabriel/salford_robot/install/salford_robot' for CMake module files
[2.753s] Level 1:colcon.colcon_core.environment:checking '/home/gabriel/salford_robot/install/salford_robot' for CMake config files
[2.756s] Level 1:colcon.colcon_core.shell:create_environment_hook('salford_robot', 'cmake_prefix_path')
[2.759s] INFO:colcon.colcon_core.shell:Creating environment hook '/home/gabriel/salford_robot/install/salford_robot/share/salford_robot/hook/cmake_prefix_path.ps1'
[2.761s] INFO:colcon.colcon_core.shell:Creating environment descriptor '/home/gabriel/salford_robot/install/salford_robot/share/salford_robot/hook/cmake_prefix_path.dsv'
[2.766s] INFO:colcon.colcon_core.shell:Creating environment hook '/home/gabriel/salford_robot/install/salford_robot/share/salford_robot/hook/cmake_prefix_path.sh'
[2.770s] Level 1:colcon.colcon_core.environment:checking '/home/gabriel/salford_robot/install/salford_robot/bin'
[2.770s] Level 1:colcon.colcon_core.environment:checking '/home/gabriel/salford_robot/install/salford_robot/lib/pkgconfig/salford_robot.pc'
[2.771s] Level 1:colcon.colcon_core.environment:checking '/home/gabriel/salford_robot/install/salford_robot/lib/python3.10/site-packages'
[2.771s] Level 1:colcon.colcon_core.environment:checking '/home/gabriel/salford_robot/install/salford_robot/bin'
[2.772s] INFO:colcon.colcon_core.shell:Creating package script '/home/gabriel/salford_robot/install/salford_robot/share/salford_robot/package.ps1'
[2.774s] INFO:colcon.colcon_core.shell:Creating package descriptor '/home/gabriel/salford_robot/install/salford_robot/share/salford_robot/package.dsv'
[2.776s] INFO:colcon.colcon_core.shell:Creating package script '/home/gabriel/salford_robot/install/salford_robot/share/salford_robot/package.sh'
[2.777s] INFO:colcon.colcon_core.shell:Creating package script '/home/gabriel/salford_robot/install/salford_robot/share/salford_robot/package.bash'
[2.779s] INFO:colcon.colcon_core.shell:Creating package script '/home/gabriel/salford_robot/install/salford_robot/share/salford_robot/package.zsh'
[2.781s] Level 1:colcon.colcon_core.environment:create_file_with_runtime_dependencies(/home/gabriel/salford_robot/install/salford_robot/share/colcon-core/packages/salford_robot)
[2.895s] Level 1:colcon.colcon_core.environment:create_environment_scripts_only(salford_robot)
[2.897s] Level 1:colcon.colcon_core.environment:checking '/home/gabriel/salford_robot/install/salford_robot' for CMake module files
[2.897s] Level 1:colcon.colcon_core.environment:checking '/home/gabriel/salford_robot/install/salford_robot' for CMake config files
[2.897s] Level 1:colcon.colcon_core.shell:create_environment_hook('salford_robot', 'cmake_prefix_path')
[2.898s] INFO:colcon.colcon_core.shell:Creating environment hook '/home/gabriel/salford_robot/install/salford_robot/share/salford_robot/hook/cmake_prefix_path.ps1'
[2.899s] INFO:colcon.colcon_core.shell:Creating environment descriptor '/home/gabriel/salford_robot/install/salford_robot/share/salford_robot/hook/cmake_prefix_path.dsv'
[2.900s] INFO:colcon.colcon_core.shell:Creating environment hook '/home/gabriel/salford_robot/install/salford_robot/share/salford_robot/hook/cmake_prefix_path.sh'
[2.903s] Level 1:colcon.colcon_core.environment:checking '/home/gabriel/salford_robot/install/salford_robot/bin'
[2.903s] Level 1:colcon.colcon_core.environment:checking '/home/gabriel/salford_robot/install/salford_robot/lib/pkgconfig/salford_robot.pc'
[2.903s] Level 1:colcon.colcon_core.environment:checking '/home/gabriel/salford_robot/install/salford_robot/lib/python3.10/site-packages'
[2.903s] Level 1:colcon.colcon_core.environment:checking '/home/gabriel/salford_robot/install/salford_robot/bin'
[2.905s] INFO:colcon.colcon_core.shell:Creating package script '/home/gabriel/salford_robot/install/salford_robot/share/salford_robot/package.ps1'
[2.905s] INFO:colcon.colcon_core.shell:Creating package descriptor '/home/gabriel/salford_robot/install/salford_robot/share/salford_robot/package.dsv'
[2.924s] INFO:colcon.colcon_core.shell:Creating package script '/home/gabriel/salford_robot/install/salford_robot/share/salford_robot/package.sh'
[2.925s] INFO:colcon.colcon_core.shell:Creating package script '/home/gabriel/salford_robot/install/salford_robot/share/salford_robot/package.bash'
[2.926s] INFO:colcon.colcon_core.shell:Creating package script '/home/gabriel/salford_robot/install/salford_robot/share/salford_robot/package.zsh'
[2.930s] Level 1:colcon.colcon_core.environment:create_file_with_runtime_dependencies(/home/gabriel/salford_robot/install/salford_robot/share/colcon-core/packages/salford_robot)
[2.931s] DEBUG:colcon.colcon_parallel_executor.executor.parallel:closing loop
[2.934s] DEBUG:colcon.colcon_parallel_executor.executor.parallel:loop closed
[2.934s] DEBUG:colcon.colcon_parallel_executor.executor.parallel:run_until_complete finished with '0'
[2.934s] DEBUG:colcon.colcon_core.event_reactor:joining thread
[2.972s] INFO:colcon.colcon_core.plugin_system:Skipping extension 'colcon_notification.desktop_notification.terminal_notifier': Not used on non-Darwin systems
[2.972s] INFO:colcon.colcon_core.plugin_system:Skipping extension 'colcon_notification.desktop_notification.win32': Not used on non-Windows systems
[2.972s] INFO:colcon.colcon_notification.desktop_notification:Sending desktop notification using 'notify2'
[3.567s] DEBUG:colcon.colcon_core.event_reactor:joined thread
[3.569s] INFO:colcon.colcon_core.shell:Creating prefix script '/home/gabriel/salford_robot/install/local_setup.ps1'
[3.572s] INFO:colcon.colcon_core.shell:Creating prefix util module '/home/gabriel/salford_robot/install/_local_setup_util_ps1.py'
[3.574s] INFO:colcon.colcon_core.shell:Creating prefix chain script '/home/gabriel/salford_robot/install/setup.ps1'
[3.579s] INFO:colcon.colcon_core.shell:Creating prefix script '/home/gabriel/salford_robot/install/local_setup.sh'
[3.585s] INFO:colcon.colcon_core.shell:Creating prefix util module '/home/gabriel/salford_robot/install/_local_setup_util_sh.py'
[3.590s] INFO:colcon.colcon_core.shell:Creating prefix chain script '/home/gabriel/salford_robot/install/setup.sh'
[3.595s] INFO:colcon.colcon_core.shell:Creating prefix script '/home/gabriel/salford_robot/install/local_setup.bash'
[3.597s] INFO:colcon.colcon_core.shell:Creating prefix chain script '/home/gabriel/salford_robot/install/setup.bash'
[3.603s] INFO:colcon.colcon_core.shell:Creating prefix script '/home/gabriel/salford_robot/install/local_setup.zsh'
[3.611s] INFO:colcon.colcon_core.shell:Creating prefix chain script '/home/gabriel/salford_robot/install/setup.zsh'
