[0.014s] Invoking command in '/home/gabriel/salford_robot/build/salford_robot': CMAKE_PREFIX_PATH=${CMAKE_PREFIX_PATH}:/opt/ros/humble /usr/bin/cmake --build /home/gabriel/salford_robot/build/salford_robot -- -j4 -l4
[0.058s] Invoked command in '/home/gabriel/salford_robot/build/salford_robot' returned '0': CMAKE_PREFIX_PATH=${CMAKE_PREFIX_PATH}:/opt/ros/humble /usr/bin/cmake --build /home/gabriel/salford_robot/build/salford_robot -- -j4 -l4
[0.155s] Invoking command in '/home/gabriel/salford_robot/build/salford_robot': CMAKE_PREFIX_PATH=${CMAKE_PREFIX_PATH}:/opt/ros/humble /usr/bin/cmake --install /home/gabriel/salford_robot/build/salford_robot
[0.159s] -- Install configuration: ""
[0.160s] -- Execute custom install script
[0.160s] -- Up-to-date symlink: /home/gabriel/salford_robot/install/salford_robot/share/salford_robot/src/description/salford_robot_description.urdf
[0.161s] -- Up-to-date symlink: /home/gabriel/salford_robot/install/salford_robot/share/salford_robot/launch/display.launch.py
[0.161s] -- Up-to-date symlink: /home/gabriel/salford_robot/install/salford_robot/share/salford_robot/launch/gazebo_launch.py
[0.162s] -- Up-to-date symlink: /home/gabriel/salford_robot/install/salford_robot/share/salford_robot/rviz/urdf_config.rviz
[0.164s] -- Up-to-date symlink: /home/gabriel/salford_robot/install/salford_robot/share/salford_robot/rviz/urdf_config2.rviz
[0.164s] -- Up-to-date symlink: /home/gabriel/salford_robot/install/salford_robot/share/salford_robot/config/ekf.yaml
[0.164s] -- Up-to-date symlink: /home/gabriel/salford_robot/install/salford_robot/share/salford_robot/config/nav2_params.yaml
[0.164s] -- Up-to-date symlink: /home/gabriel/salford_robot/install/salford_robot/share/salford_robot/world/third_world.sdf
[0.166s] -- Up-to-date symlink: /home/gabriel/salford_robot/install/salford_robot/share/ament_index/resource_index/package_run_dependencies/salford_robot
[0.167s] -- Up-to-date symlink: /home/gabriel/salford_robot/install/salford_robot/share/ament_index/resource_index/parent_prefix_path/salford_robot
[0.167s] -- Up-to-date symlink: /home/gabriel/salford_robot/install/salford_robot/share/salford_robot/environment/ament_prefix_path.sh
[0.167s] -- Up-to-date symlink: /home/gabriel/salford_robot/install/salford_robot/share/salford_robot/environment/ament_prefix_path.dsv
[0.168s] -- Up-to-date symlink: /home/gabriel/salford_robot/install/salford_robot/share/salford_robot/environment/path.sh
[0.168s] -- Up-to-date symlink: /home/gabriel/salford_robot/install/salford_robot/share/salford_robot/environment/path.dsv
[0.168s] -- Up-to-date symlink: /home/gabriel/salford_robot/install/salford_robot/share/salford_robot/local_setup.bash
[0.168s] -- Up-to-date symlink: /home/gabriel/salford_robot/install/salford_robot/share/salford_robot/local_setup.sh
[0.169s] -- Up-to-date symlink: /home/gabriel/salford_robot/install/salford_robot/share/salford_robot/local_setup.zsh
[0.169s] -- Up-to-date symlink: /home/gabriel/salford_robot/install/salford_robot/share/salford_robot/local_setup.dsv
[0.169s] -- Symlinking: /home/gabriel/salford_robot/install/salford_robot/share/salford_robot/package.dsv
[0.174s] -- Up-to-date symlink: /home/gabriel/salford_robot/install/salford_robot/share/ament_index/resource_index/packages/salford_robot
[0.175s] -- Up-to-date symlink: /home/gabriel/salford_robot/install/salford_robot/share/salford_robot/cmake/salford_robotConfig.cmake
[0.175s] -- Up-to-date symlink: /home/gabriel/salford_robot/install/salford_robot/share/salford_robot/cmake/salford_robotConfig-version.cmake
[0.176s] -- Up-to-date symlink: /home/gabriel/salford_robot/install/salford_robot/share/salford_robot/package.xml
[0.181s] Invoked command in '/home/gabriel/salford_robot/build/salford_robot' returned '0': CMAKE_PREFIX_PATH=${CMAKE_PREFIX_PATH}:/opt/ros/humble /usr/bin/cmake --install /home/gabriel/salford_robot/build/salford_robot
