-- Install configuration: ""
-- Up-to-date: /home/gabriel/salford_robot/install/salford_robot/share/salford_robot/src
-- Up-to-date: /home/gabriel/salford_robot/install/salford_robot/share/salford_robot/src/description
-- Up-to-date: /home/gabriel/salford_robot/install/salford_robot/share/salford_robot/src/description/salford_robot_description.urdf
-- Up-to-date: /home/gabriel/salford_robot/install/salford_robot/share/salford_robot/launch
-- Installing: /home/gabriel/salford_robot/install/salford_robot/share/salford_robot/launch/display.launch.py
-- Up-to-date: /home/gabriel/salford_robot/install/salford_robot/share/salford_robot/rviz
-- Up-to-date: /home/gabriel/salford_robot/install/salford_robot/share/salford_robot/rviz/urdf_config.rviz
-- Up-to-date: /home/gabriel/salford_robot/install/salford_robot/share/ament_index/resource_index/package_run_dependencies/salford_robot
-- Up-to-date: /home/gabriel/salford_robot/install/salford_robot/share/ament_index/resource_index/parent_prefix_path/salford_robot
-- Up-to-date: /home/gabriel/salford_robot/install/salford_robot/share/salford_robot/environment/ament_prefix_path.sh
-- Up-to-date: /home/gabriel/salford_robot/install/salford_robot/share/salford_robot/environment/ament_prefix_path.dsv
-- Up-to-date: /home/gabriel/salford_robot/install/salford_robot/share/salford_robot/environment/path.sh
-- Up-to-date: /home/gabriel/salford_robot/install/salford_robot/share/salford_robot/environment/path.dsv
-- Up-to-date: /home/gabriel/salford_robot/install/salford_robot/share/salford_robot/local_setup.bash
-- Up-to-date: /home/gabriel/salford_robot/install/salford_robot/share/salford_robot/local_setup.sh
-- Up-to-date: /home/gabriel/salford_robot/install/salford_robot/share/salford_robot/local_setup.zsh
-- Up-to-date: /home/gabriel/salford_robot/install/salford_robot/share/salford_robot/local_setup.dsv
-- Up-to-date: /home/gabriel/salford_robot/install/salford_robot/share/salford_robot/package.dsv
-- Up-to-date: /home/gabriel/salford_robot/install/salford_robot/share/ament_index/resource_index/packages/salford_robot
-- Up-to-date: /home/gabriel/salford_robot/install/salford_robot/share/salford_robot/cmake/salford_robotConfig.cmake
-- Up-to-date: /home/gabriel/salford_robot/install/salford_robot/share/salford_robot/cmake/salford_robotConfig-version.cmake
-- Up-to-date: /home/gabriel/salford_robot/install/salford_robot/share/salford_robot/package.xml
