[0.645s] DEBUG:colcon:Command line arguments: ['/usr/bin/colcon', 'build']
[0.645s] DEBUG:colcon:Parsed command line arguments: Namespace(log_base=None, log_level=None, verb_name='build', build_base='build', install_base='install', merge_install=False, symlink_install=False, test_result_base=None, continue_on_error=False, executor='parallel', parallel_workers=2, event_handlers=None, ignore_user_meta=False, metas=['./colcon.meta'], base_paths=['.'], packages_ignore=None, packages_ignore_regex=None, paths=None, packages_up_to=None, packages_up_to_regex=None, packages_above=None, packages_above_and_dependencies=None, packages_above_depth=None, packages_select_by_dep=None, packages_skip_by_dep=None, packages_skip_up_to=None, packages_select_build_failed=False, packages_skip_build_finished=False, packages_select_test_failures=False, packages_skip_test_passed=False, packages_select=None, packages_skip=None, packages_select_regex=None, packages_skip_regex=None, packages_start=None, packages_end=None, allow_overriding=[], cmake_args=None, cmake_target=None, cmake_target_skip_unavailable=False, cmake_clean_cache=False, cmake_clean_first=False, cmake_force_configure=False, ament_cmake_args=None, catkin_cmake_args=None, catkin_skip_building_tests=False, verb_parser=<colcon_defaults.argument_parser.defaults.DefaultArgumentsDecorator object at 0x7ff207bd2aa0>, verb_extension=<colcon_core.verb.build.BuildVerb object at 0x7ff20838e9e0>, main=<bound method BuildVerb.main of <colcon_core.verb.build.BuildVerb object at 0x7ff20838e9e0>>)
[0.707s] Level 1:colcon.colcon_core.package_discovery:discover_packages(colcon_meta) check parameters
[0.707s] Level 1:colcon.colcon_core.package_discovery:discover_packages(recursive) check parameters
[0.707s] Level 1:colcon.colcon_core.package_discovery:discover_packages(ignore) check parameters
[0.707s] Level 1:colcon.colcon_core.package_discovery:discover_packages(path) check parameters
[0.707s] Level 1:colcon.colcon_core.package_discovery:discover_packages(colcon_meta) discover
[0.707s] Level 1:colcon.colcon_core.package_discovery:discover_packages(recursive) discover
[0.707s] INFO:colcon.colcon_core.package_discovery:Crawling recursively for packages in '/home/gabriel/salford_robot'
[0.707s] Level 1:colcon.colcon_core.package_identification:_identify(.) by extensions ['ignore', 'ignore_ament_install']
[0.707s] Level 1:colcon.colcon_core.package_identification:_identify(.) by extension 'ignore'
[0.707s] Level 1:colcon.colcon_core.package_identification:_identify(.) by extension 'ignore_ament_install'
[0.707s] Level 1:colcon.colcon_core.package_identification:_identify(.) by extensions ['colcon_pkg']
[0.707s] Level 1:colcon.colcon_core.package_identification:_identify(.) by extension 'colcon_pkg'
[0.707s] Level 1:colcon.colcon_core.package_identification:_identify(.) by extensions ['colcon_meta']
[0.707s] Level 1:colcon.colcon_core.package_identification:_identify(.) by extension 'colcon_meta'
[0.707s] Level 1:colcon.colcon_core.package_identification:_identify(.) by extensions ['ros']
[0.707s] Level 1:colcon.colcon_core.package_identification:_identify(.) by extension 'ros'
[0.721s] DEBUG:colcon.colcon_core.package_identification:Package '.' with type 'ros.ament_cmake' and name 'salford_robot'
[0.721s] Level 1:colcon.colcon_core.package_discovery:discover_packages(recursive) using defaults
[0.722s] Level 1:colcon.colcon_core.package_discovery:discover_packages(ignore) discover
[0.722s] Level 1:colcon.colcon_core.package_discovery:discover_packages(ignore) using defaults
[0.722s] Level 1:colcon.colcon_core.package_discovery:discover_packages(path) discover
[0.722s] Level 1:colcon.colcon_core.package_discovery:discover_packages(path) using defaults
[0.758s] Level 1:colcon.colcon_core.package_discovery:discover_packages(prefix_path) check parameters
[0.758s] Level 1:colcon.colcon_core.package_discovery:discover_packages(prefix_path) discover
[0.765s] DEBUG:colcon.colcon_installed_package_information.package_discovery:Found 1 installed packages in /home/gabriel/dev_ws/install
[0.766s] DEBUG:colcon.colcon_installed_package_information.package_discovery:Found 1 installed packages in /home/gabriel/ROS2_mobile_robot/install
[0.767s] DEBUG:colcon.colcon_installed_package_information.package_discovery:Found 1 installed packages in /home/gabriel/salford_robot/install
[0.769s] DEBUG:colcon.colcon_installed_package_information.package_discovery:Found 389 installed packages in /opt/ros/humble
[0.770s] Level 1:colcon.colcon_core.package_discovery:discover_packages(prefix_path) using defaults
[0.954s] Level 5:colcon.colcon_core.verb:set package 'salford_robot' build argument 'cmake_args' from command line to 'None'
[0.954s] Level 5:colcon.colcon_core.verb:set package 'salford_robot' build argument 'cmake_target' from command line to 'None'
[0.954s] Level 5:colcon.colcon_core.verb:set package 'salford_robot' build argument 'cmake_target_skip_unavailable' from command line to 'False'
[0.954s] Level 5:colcon.colcon_core.verb:set package 'salford_robot' build argument 'cmake_clean_cache' from command line to 'False'
[0.954s] Level 5:colcon.colcon_core.verb:set package 'salford_robot' build argument 'cmake_clean_first' from command line to 'False'
[0.954s] Level 5:colcon.colcon_core.verb:set package 'salford_robot' build argument 'cmake_force_configure' from command line to 'False'
[0.954s] Level 5:colcon.colcon_core.verb:set package 'salford_robot' build argument 'ament_cmake_args' from command line to 'None'
[0.954s] Level 5:colcon.colcon_core.verb:set package 'salford_robot' build argument 'catkin_cmake_args' from command line to 'None'
[0.954s] Level 5:colcon.colcon_core.verb:set package 'salford_robot' build argument 'catkin_skip_building_tests' from command line to 'False'
[0.954s] DEBUG:colcon.colcon_core.verb:Building package 'salford_robot' with the following arguments: {'ament_cmake_args': None, 'build_base': '/home/gabriel/salford_robot/build/salford_robot', 'catkin_cmake_args': None, 'catkin_skip_building_tests': False, 'cmake_args': None, 'cmake_clean_cache': False, 'cmake_clean_first': False, 'cmake_force_configure': False, 'cmake_target': None, 'cmake_target_skip_unavailable': False, 'install_base': '/home/gabriel/salford_robot/install/salford_robot', 'merge_install': False, 'path': '/home/gabriel/salford_robot', 'symlink_install': False, 'test_result_base': None}
[0.955s] INFO:colcon.colcon_core.executor:Executing jobs using 'parallel' executor
[0.957s] DEBUG:colcon.colcon_parallel_executor.executor.parallel:run_until_complete
[0.958s] INFO:colcon.colcon_ros.task.ament_cmake.build:Building ROS package in '/home/gabriel/salford_robot' with build type 'ament_cmake'
[0.958s] INFO:colcon.colcon_cmake.task.cmake.build:Building CMake package in '/home/gabriel/salford_robot'
[0.970s] INFO:colcon.colcon_core.plugin_system:Skipping extension 'colcon_core.shell.bat': Not used on non-Windows systems
[0.971s] INFO:colcon.colcon_core.shell:Skip shell extension 'powershell' for command environment: Not usable outside of PowerShell
[0.971s] DEBUG:colcon.colcon_core.shell:Skip shell extension 'dsv' for command environment
[0.987s] DEBUG:colcon.colcon_core.event_handler.log_command:Invoking command in '/home/gabriel/salford_robot/build/salford_robot': CMAKE_PREFIX_PATH=${CMAKE_PREFIX_PATH}:/opt/ros/humble /usr/bin/cmake --build /home/gabriel/salford_robot/build/salford_robot -- -j2 -l2
[1.120s] DEBUG:colcon.colcon_core.event_handler.log_command:Invoked command in '/home/gabriel/salford_robot/build/salford_robot' returned '0': CMAKE_PREFIX_PATH=${CMAKE_PREFIX_PATH}:/opt/ros/humble /usr/bin/cmake --build /home/gabriel/salford_robot/build/salford_robot -- -j2 -l2
[1.169s] DEBUG:colcon.colcon_core.event_handler.log_command:Invoking command in '/home/gabriel/salford_robot/build/salford_robot': CMAKE_PREFIX_PATH=${CMAKE_PREFIX_PATH}:/opt/ros/humble /usr/bin/cmake --install /home/gabriel/salford_robot/build/salford_robot
[1.206s] Level 1:colcon.colcon_core.environment:create_environment_scripts_only(salford_robot)
[1.209s] DEBUG:colcon.colcon_core.event_handler.log_command:Invoked command in '/home/gabriel/salford_robot/build/salford_robot' returned '0': CMAKE_PREFIX_PATH=${CMAKE_PREFIX_PATH}:/opt/ros/humble /usr/bin/cmake --install /home/gabriel/salford_robot/build/salford_robot
[1.223s] Level 1:colcon.colcon_core.environment:checking '/home/gabriel/salford_robot/install/salford_robot' for CMake module files
[1.223s] Level 1:colcon.colcon_core.environment:checking '/home/gabriel/salford_robot/install/salford_robot' for CMake config files
[1.224s] Level 1:colcon.colcon_core.shell:create_environment_hook('salford_robot', 'cmake_prefix_path')
[1.227s] INFO:colcon.colcon_core.shell:Creating environment hook '/home/gabriel/salford_robot/install/salford_robot/share/salford_robot/hook/cmake_prefix_path.ps1'
[1.229s] INFO:colcon.colcon_core.shell:Creating environment descriptor '/home/gabriel/salford_robot/install/salford_robot/share/salford_robot/hook/cmake_prefix_path.dsv'
[1.230s] INFO:colcon.colcon_core.shell:Creating environment hook '/home/gabriel/salford_robot/install/salford_robot/share/salford_robot/hook/cmake_prefix_path.sh'
[1.232s] Level 1:colcon.colcon_core.environment:checking '/home/gabriel/salford_robot/install/salford_robot/bin'
[1.232s] Level 1:colcon.colcon_core.environment:checking '/home/gabriel/salford_robot/install/salford_robot/lib/pkgconfig/salford_robot.pc'
[1.232s] Level 1:colcon.colcon_core.environment:checking '/home/gabriel/salford_robot/install/salford_robot/lib/python3.10/site-packages'
[1.233s] Level 1:colcon.colcon_core.environment:checking '/home/gabriel/salford_robot/install/salford_robot/bin'
[1.234s] INFO:colcon.colcon_core.shell:Creating package script '/home/gabriel/salford_robot/install/salford_robot/share/salford_robot/package.ps1'
[1.235s] INFO:colcon.colcon_core.shell:Creating package descriptor '/home/gabriel/salford_robot/install/salford_robot/share/salford_robot/package.dsv'
[1.237s] INFO:colcon.colcon_core.shell:Creating package script '/home/gabriel/salford_robot/install/salford_robot/share/salford_robot/package.sh'
[1.238s] INFO:colcon.colcon_core.shell:Creating package script '/home/gabriel/salford_robot/install/salford_robot/share/salford_robot/package.bash'
[1.240s] INFO:colcon.colcon_core.shell:Creating package script '/home/gabriel/salford_robot/install/salford_robot/share/salford_robot/package.zsh'
[1.242s] Level 1:colcon.colcon_core.environment:create_file_with_runtime_dependencies(/home/gabriel/salford_robot/install/salford_robot/share/colcon-core/packages/salford_robot)
[1.287s] Level 1:colcon.colcon_core.environment:create_environment_scripts_only(salford_robot)
[1.289s] Level 1:colcon.colcon_core.environment:checking '/home/gabriel/salford_robot/install/salford_robot' for CMake module files
[1.290s] Level 1:colcon.colcon_core.environment:checking '/home/gabriel/salford_robot/install/salford_robot' for CMake config files
[1.291s] Level 1:colcon.colcon_core.shell:create_environment_hook('salford_robot', 'cmake_prefix_path')
[1.292s] INFO:colcon.colcon_core.shell:Creating environment hook '/home/gabriel/salford_robot/install/salford_robot/share/salford_robot/hook/cmake_prefix_path.ps1'
[1.293s] INFO:colcon.colcon_core.shell:Creating environment descriptor '/home/gabriel/salford_robot/install/salford_robot/share/salford_robot/hook/cmake_prefix_path.dsv'
[1.294s] INFO:colcon.colcon_core.shell:Creating environment hook '/home/gabriel/salford_robot/install/salford_robot/share/salford_robot/hook/cmake_prefix_path.sh'
[1.295s] Level 1:colcon.colcon_core.environment:checking '/home/gabriel/salford_robot/install/salford_robot/bin'
[1.295s] Level 1:colcon.colcon_core.environment:checking '/home/gabriel/salford_robot/install/salford_robot/lib/pkgconfig/salford_robot.pc'
[1.295s] Level 1:colcon.colcon_core.environment:checking '/home/gabriel/salford_robot/install/salford_robot/lib/python3.10/site-packages'
[1.296s] Level 1:colcon.colcon_core.environment:checking '/home/gabriel/salford_robot/install/salford_robot/bin'
[1.297s] INFO:colcon.colcon_core.shell:Creating package script '/home/gabriel/salford_robot/install/salford_robot/share/salford_robot/package.ps1'
[1.301s] INFO:colcon.colcon_core.shell:Creating package descriptor '/home/gabriel/salford_robot/install/salford_robot/share/salford_robot/package.dsv'
[1.305s] INFO:colcon.colcon_core.shell:Creating package script '/home/gabriel/salford_robot/install/salford_robot/share/salford_robot/package.sh'
[1.306s] INFO:colcon.colcon_core.shell:Creating package script '/home/gabriel/salford_robot/install/salford_robot/share/salford_robot/package.bash'
[1.307s] INFO:colcon.colcon_core.shell:Creating package script '/home/gabriel/salford_robot/install/salford_robot/share/salford_robot/package.zsh'
[1.309s] Level 1:colcon.colcon_core.environment:create_file_with_runtime_dependencies(/home/gabriel/salford_robot/install/salford_robot/share/colcon-core/packages/salford_robot)
[1.311s] DEBUG:colcon.colcon_parallel_executor.executor.parallel:closing loop
[1.311s] DEBUG:colcon.colcon_parallel_executor.executor.parallel:loop closed
[1.311s] DEBUG:colcon.colcon_parallel_executor.executor.parallel:run_until_complete finished with '0'
[1.311s] DEBUG:colcon.colcon_core.event_reactor:joining thread
[1.339s] INFO:colcon.colcon_core.plugin_system:Skipping extension 'colcon_notification.desktop_notification.terminal_notifier': Not used on non-Darwin systems
[1.339s] INFO:colcon.colcon_core.plugin_system:Skipping extension 'colcon_notification.desktop_notification.win32': Not used on non-Windows systems
[1.339s] INFO:colcon.colcon_notification.desktop_notification:Sending desktop notification using 'notify2'
[1.356s] DEBUG:colcon.colcon_core.event_reactor:joined thread
[1.358s] INFO:colcon.colcon_core.shell:Creating prefix script '/home/gabriel/salford_robot/install/local_setup.ps1'
[1.362s] INFO:colcon.colcon_core.shell:Creating prefix util module '/home/gabriel/salford_robot/install/_local_setup_util_ps1.py'
[1.367s] INFO:colcon.colcon_core.shell:Creating prefix chain script '/home/gabriel/salford_robot/install/setup.ps1'
[1.373s] INFO:colcon.colcon_core.shell:Creating prefix script '/home/gabriel/salford_robot/install/local_setup.sh'
[1.375s] INFO:colcon.colcon_core.shell:Creating prefix util module '/home/gabriel/salford_robot/install/_local_setup_util_sh.py'
[1.376s] INFO:colcon.colcon_core.shell:Creating prefix chain script '/home/gabriel/salford_robot/install/setup.sh'
[1.379s] INFO:colcon.colcon_core.shell:Creating prefix script '/home/gabriel/salford_robot/install/local_setup.bash'
[1.380s] INFO:colcon.colcon_core.shell:Creating prefix chain script '/home/gabriel/salford_robot/install/setup.bash'
[1.383s] INFO:colcon.colcon_core.shell:Creating prefix script '/home/gabriel/salford_robot/install/local_setup.zsh'
[1.385s] INFO:colcon.colcon_core.shell:Creating prefix chain script '/home/gabriel/salford_robot/install/setup.zsh'
